<html>
<head>
<title>TestNG:  Submit Order Test</title>
<link href="../testng.css" rel="stylesheet" type="text/css" />
<link href="../my-testng.css" rel="stylesheet" type="text/css" />

<style type="text/css">
.log { display: none;} 
.stack-trace { display: none;} 
</style>
<script type="text/javascript">
<!--
function flip(e) {
  current = e.style.display;
  if (current == 'block') {
    e.style.display = 'none';
    return 0;
  }
  else {
    e.style.display = 'block';
    return 1;
  }
}

function toggleBox(szDivId, elem, msg1, msg2)
{
  var res = -1;  if (document.getElementById) {
    res = flip(document.getElementById(szDivId));
  }
  else if (document.all) {
    // this is the way old msie versions work
    res = flip(document.all[szDivId]);
  }
  if(elem) {
    if(res == 0) elem.innerHTML = msg1; else elem.innerHTML = msg2;
  }

}

function toggleAllBoxes() {
  if (document.getElementsByTagName) {
    d = document.getElementsByTagName('div');
    for (i = 0; i < d.length; i++) {
      if (d[i].className == 'log') {
        flip(d[i]);
      }
    }
  }
}

// -->
</script>

</head>
<body>
<h2 align='center'>Submit Order Test</h2><table border='1' align="center">
<tr>
<td>Tests passed/Failed/Skipped:</td><td>0/0/3</td>
</tr><tr>
<td>Started on:</td><td>Sun May 12 23:58:27 CEST 2024</td>
</tr>
<tr><td>Total time:</td><td>0 seconds (275 ms)</td>
</tr><tr>
<td>Included groups:</td><td>Purchase </td>
</tr><tr>
<td>Excluded groups:</td><td></td>
</tr>
</table><p/>
<small><i>(Hover the method name to see the test class name)</i></small><p/>
<table width='100%' border='1' class='invocation-failed'>
<tr><td colspan='4' align='center'><b>FAILED CONFIGURATIONS</b></td></tr>
<tr><td><b>Test method</b></td>
<td width="30%"><b>Exception</b></td>
<td width="10%"><b>Time (seconds)</b></td>
<td><b>Instance</b></td>
</tr>
<tr>
<td title='testautomation.tests.SubmitOrderTest.launchApplication()'><b>launchApplication</b><br>Test class: testautomation.tests.SubmitOrderTest</td>
<td><div><pre>org.openqa.selenium.remote.NoSuchDriverException: Unable to obtain: Capabilities {acceptInsecureCerts: true, browserName: firefox, moz:debuggerAddress: true, moz:firefoxOptions: {}}, error Command failed with code: 2, executed: [--browser, firefox, --language-binding, java, --output, json]
error: unexpected argument &apos;--language-binding&apos; found

Usage: selenium-manager.exe &lt;--browser &lt;BROWSER&gt;|--driver &lt;DRIVER&gt;|--grid [&lt;GRID_VERSION&gt;]|--driver-version &lt;DRIVER_VERSION&gt;|--browser-version &lt;BROWSER_VERSION&gt;|--browser-path &lt;BROWSER_PATH&gt;|--driver-mirror-url &lt;DRIVER_MIRROR_URL&gt;|--browser-mirror-url &lt;BROWSER_MIRROR_URL&gt;|--output &lt;OUTPUT&gt;|--os &lt;OS&gt;|--arch &lt;ARCH&gt;|--proxy &lt;PROXY&gt;|--timeout &lt;TIMEOUT&gt;|--ttl &lt;TTL&gt;|--cache-path &lt;CACHE_PATH&gt;|--clear-cache|--clear-metadata|--debug|--trace|--offline|--force-browser-download|--avoid-browser-download&gt;

For more information, try &apos;--help&apos;.

	at org.openqa.selenium.remote.service.DriverFinder.getPath(DriverFinder.java:48)
	at org.openqa.selenium.remote.service.DriverFinder.getPath(DriverFinder.java:33)
	at org.openqa.selenium.firefox.FirefoxDriver.generateExecutor(FirefoxDriver.java:141)
	at org.openqa.selenium.firefox.FirefoxDriver.&lt;init&gt;(FirefoxDriver.java:133)
	at org.openqa.selenium.firefox.FirefoxDriver.&lt;init&gt;(FirefoxDriver.java:128)
	at org.openqa.selenium.firefox.FirefoxDriver.&lt;init&gt;(FirefoxDriver.java:113)
	at org.openqa.selenium.firefox.FirefoxDriver.&lt;init&gt;(FirefoxDriver.java:103)
	at testautomation.TestComponents.BaseTest.initializeDriver(BaseTest.java:57)
	at testautomation.TestComponents.BaseTest.launchApplication(BaseTest.java:94)
	at java.base/java.util.ArrayList.forEach(ArrayList.java:1596)
	at java.base/java.util.concurrent.FutureTask.run(FutureTask.java:317)
	at java.base/java.util.concurrent.ThreadPoolExecutor.runWorker(ThreadPoolExecutor.java:1144)
	at java.base/java.util.concurrent.ThreadPoolExecutor$Worker.run(ThreadPoolExecutor.java:642)
	at java.base/java.lang.Thread.run(Thread.java:1583)
Caused by: org.openqa.selenium.WebDriverException: Command failed with code: 2, executed: [--browser, firefox, --language-binding, java, --output, json]
error: unexpected argument &apos;--language-binding&apos; found

Usage: selenium-manager.exe &lt;--browser &lt;BROWSER&gt;|--driver &lt;DRIVER&gt;|--grid [&lt;GRID_VERSION&gt;]|--driver-version &lt;DRIVER_VERSION&gt;|--browser-version &lt;BROWSER_VERSION&gt;|--browser-path &lt;BROWSER_PATH&gt;|--driver-mirror-url &lt;DRIVER_MIRROR_URL&gt;|--browser-mirror-url &lt;BROWSER_MIRROR_URL&gt;|--output &lt;OUTPUT&gt;|--os &lt;OS&gt;|--arch &lt;ARCH&gt;|--proxy &lt;PROXY&gt;|--timeout &lt;TIMEOUT&gt;|--ttl &lt;TTL&gt;|--cache-path &lt;CACHE_PATH&gt;|--clear-cache|--clear-metadata|--debug|--trace|--offline|--force-browser-download|--avoid-browser-download&gt;

For more information, try &apos;--help&apos;.

	at org.openqa.selenium.manager.SeleniumManager.runCommand(SeleniumManager.java:159)
	at org.openqa.selenium.manager.SeleniumManager.getDriverPath(SeleniumManager.java:303)
	at org.openqa.selenium.remote.service.DriverFinder.getPath(DriverFinder.java:45)
	... 33 more
Caused by: org.openqa.selenium.json.JsonException: Unable to parse: error: unexpected argument &apos;--language-binding&apos; found

Usage: selenium-manager.exe &lt;--browser &lt;BROWSER&gt;|--driver &lt;DRIVER&gt;|--grid [&lt;GRID_VERSION&gt;]|--driver-version &lt;DRIVER_VERSION&gt;|--browser-version &lt;BROWSER_VERSION&gt;|--browser-path &lt;BROWSER_PATH&gt;|--driver-mirror-url &lt;DRIVER_MIRROR_URL&gt;|--browser-mirror-url &lt;BROWSER_MIRROR_URL&gt;|--output &lt;OUTPUT&gt;|--os &lt;OS&gt;|--arch &lt;ARCH&gt;|--proxy &lt;PROXY&gt;|--timeout &lt;TIMEOUT&gt;|--ttl &lt;TTL&gt;|--cache-path &lt;CACHE_PATH&gt;|--clear-cache|--clear-metadata|--debug|--trace|--offline|--force-browser-download|--avoid-browser-download&gt;

For more information, try &apos;--help&apos;.

	at org.openqa.selenium.json.Json.toType(Json.java:169)
	at org.openqa.selenium.json.Json.toType(Json.java:152)
	at org.openqa.selenium.manager.SeleniumManager.runCommand(SeleniumManager.java:144)
	... 35 more
Caused by: org.openqa.selenium.json.JsonException: Unable to determine type from: e. Last 1 characters read: e, next 128 characters to read: rror: unexpected argument &apos;--language-binding&apos; found

Usage: selenium-manager.exe &lt;--browser &lt;BROWSER&gt;|--driver &lt;DRIVER&gt;|--grid 
Build info: version: &apos;4.16.1&apos;, revision: &apos;9b4c83354e&apos;
System info: os.name: &apos;Windows 11&apos;, os.arch: &apos;amd64&apos;, os.version: &apos;10.0&apos;, java.version: &apos;21.0.2&apos;
Driver info: driver.version: FirefoxDriver
	at org.openqa.selenium.json.JsonInput.peek(JsonInput.java:166)
	at org.openqa.selenium.json.JsonTypeCoercer.lambda$buildCoercer$6(JsonTypeCoercer.java:167)
	at org.openqa.selenium.json.JsonTypeCoercer.coerce(JsonTypeCoercer.java:146)
	at org.openqa.selenium.json.Json.toType(Json.java:206)
	at org.openqa.selenium.json.Json.toType(Json.java:167)
	... 37 more
... Removed 20 stack frames</pre></div><a href='#' onClick='toggleBox("stack-trace1001975417", this, "Click to show all stack frames", "Click to hide stack frames")'>Click to show all stack frames</a>
<div class='stack-trace' id='stack-trace1001975417'><pre>org.openqa.selenium.remote.NoSuchDriverException: Unable to obtain: Capabilities {acceptInsecureCerts: true, browserName: firefox, moz:debuggerAddress: true, moz:firefoxOptions: {}}, error Command failed with code: 2, executed: [--browser, firefox, --language-binding, java, --output, json]
error: unexpected argument &apos;--language-binding&apos; found

Usage: selenium-manager.exe &lt;--browser &lt;BROWSER&gt;|--driver &lt;DRIVER&gt;|--grid [&lt;GRID_VERSION&gt;]|--driver-version &lt;DRIVER_VERSION&gt;|--browser-version &lt;BROWSER_VERSION&gt;|--browser-path &lt;BROWSER_PATH&gt;|--driver-mirror-url &lt;DRIVER_MIRROR_URL&gt;|--browser-mirror-url &lt;BROWSER_MIRROR_URL&gt;|--output &lt;OUTPUT&gt;|--os &lt;OS&gt;|--arch &lt;ARCH&gt;|--proxy &lt;PROXY&gt;|--timeout &lt;TIMEOUT&gt;|--ttl &lt;TTL&gt;|--cache-path &lt;CACHE_PATH&gt;|--clear-cache|--clear-metadata|--debug|--trace|--offline|--force-browser-download|--avoid-browser-download&gt;

For more information, try &apos;--help&apos;.

	at org.openqa.selenium.remote.service.DriverFinder.getPath(DriverFinder.java:48)
	at org.openqa.selenium.remote.service.DriverFinder.getPath(DriverFinder.java:33)
	at org.openqa.selenium.firefox.FirefoxDriver.generateExecutor(FirefoxDriver.java:141)
	at org.openqa.selenium.firefox.FirefoxDriver.&lt;init&gt;(FirefoxDriver.java:133)
	at org.openqa.selenium.firefox.FirefoxDriver.&lt;init&gt;(FirefoxDriver.java:128)
	at org.openqa.selenium.firefox.FirefoxDriver.&lt;init&gt;(FirefoxDriver.java:113)
	at org.openqa.selenium.firefox.FirefoxDriver.&lt;init&gt;(FirefoxDriver.java:103)
	at testautomation.TestComponents.BaseTest.initializeDriver(BaseTest.java:57)
	at testautomation.TestComponents.BaseTest.launchApplication(BaseTest.java:94)
	at java.base/jdk.internal.reflect.DirectMethodHandleAccessor.invoke(DirectMethodHandleAccessor.java:103)
	at java.base/java.lang.reflect.Method.invoke(Method.java:580)
	at org.testng.internal.MethodInvocationHelper.invokeMethod(MethodInvocationHelper.java:133)
	at org.testng.internal.MethodInvocationHelper.invokeMethodConsideringTimeout(MethodInvocationHelper.java:62)
	at org.testng.internal.ConfigInvoker.invokeConfigurationMethod(ConfigInvoker.java:385)
	at org.testng.internal.ConfigInvoker.invokeConfigurations(ConfigInvoker.java:321)
	at org.testng.internal.TestInvoker.runConfigMethods(TestInvoker.java:700)
	at org.testng.internal.TestInvoker.invokeMethod(TestInvoker.java:527)
	at org.testng.internal.TestInvoker.invokeTestMethod(TestInvoker.java:173)
	at org.testng.internal.MethodRunner.runInSequence(MethodRunner.java:46)
	at org.testng.internal.TestInvoker$MethodInvocationAgent.invoke(TestInvoker.java:824)
	at org.testng.internal.TestInvoker.invokeTestMethods(TestInvoker.java:146)
	at org.testng.internal.TestMethodWorker.invokeTestMethods(TestMethodWorker.java:146)
	at org.testng.internal.TestMethodWorker.run(TestMethodWorker.java:128)
	at java.base/java.util.ArrayList.forEach(ArrayList.java:1596)
	at org.testng.TestRunner.privateRun(TestRunner.java:794)
	at org.testng.TestRunner.run(TestRunner.java:596)
	at org.testng.SuiteRunner.runTest(SuiteRunner.java:377)
	at org.testng.SuiteRunner.access$000(SuiteRunner.java:28)
	at org.testng.SuiteRunner$SuiteWorker.run(SuiteRunner.java:418)
	at org.testng.internal.thread.ThreadUtil.lambda$execute$0(ThreadUtil.java:64)
	at java.base/java.util.concurrent.FutureTask.run(FutureTask.java:317)
	at java.base/java.util.concurrent.ThreadPoolExecutor.runWorker(ThreadPoolExecutor.java:1144)
	at java.base/java.util.concurrent.ThreadPoolExecutor$Worker.run(ThreadPoolExecutor.java:642)
	at java.base/java.lang.Thread.run(Thread.java:1583)
Caused by: org.openqa.selenium.WebDriverException: Command failed with code: 2, executed: [--browser, firefox, --language-binding, java, --output, json]
error: unexpected argument &apos;--language-binding&apos; found

Usage: selenium-manager.exe &lt;--browser &lt;BROWSER&gt;|--driver &lt;DRIVER&gt;|--grid [&lt;GRID_VERSION&gt;]|--driver-version &lt;DRIVER_VERSION&gt;|--browser-version &lt;BROWSER_VERSION&gt;|--browser-path &lt;BROWSER_PATH&gt;|--driver-mirror-url &lt;DRIVER_MIRROR_URL&gt;|--browser-mirror-url &lt;BROWSER_MIRROR_URL&gt;|--output &lt;OUTPUT&gt;|--os &lt;OS&gt;|--arch &lt;ARCH&gt;|--proxy &lt;PROXY&gt;|--timeout &lt;TIMEOUT&gt;|--ttl &lt;TTL&gt;|--cache-path &lt;CACHE_PATH&gt;|--clear-cache|--clear-metadata|--debug|--trace|--offline|--force-browser-download|--avoid-browser-download&gt;

For more information, try &apos;--help&apos;.

	at org.openqa.selenium.manager.SeleniumManager.runCommand(SeleniumManager.java:159)
	at org.openqa.selenium.manager.SeleniumManager.getDriverPath(SeleniumManager.java:303)
	at org.openqa.selenium.remote.service.DriverFinder.getPath(DriverFinder.java:45)
	... 33 more
Caused by: org.openqa.selenium.json.JsonException: Unable to parse: error: unexpected argument &apos;--language-binding&apos; found

Usage: selenium-manager.exe &lt;--browser &lt;BROWSER&gt;|--driver &lt;DRIVER&gt;|--grid [&lt;GRID_VERSION&gt;]|--driver-version &lt;DRIVER_VERSION&gt;|--browser-version &lt;BROWSER_VERSION&gt;|--browser-path &lt;BROWSER_PATH&gt;|--driver-mirror-url &lt;DRIVER_MIRROR_URL&gt;|--browser-mirror-url &lt;BROWSER_MIRROR_URL&gt;|--output &lt;OUTPUT&gt;|--os &lt;OS&gt;|--arch &lt;ARCH&gt;|--proxy &lt;PROXY&gt;|--timeout &lt;TIMEOUT&gt;|--ttl &lt;TTL&gt;|--cache-path &lt;CACHE_PATH&gt;|--clear-cache|--clear-metadata|--debug|--trace|--offline|--force-browser-download|--avoid-browser-download&gt;

For more information, try &apos;--help&apos;.

	at org.openqa.selenium.json.Json.toType(Json.java:169)
	at org.openqa.selenium.json.Json.toType(Json.java:152)
	at org.openqa.selenium.manager.SeleniumManager.runCommand(SeleniumManager.java:144)
	... 35 more
Caused by: org.openqa.selenium.json.JsonException: Unable to determine type from: e. Last 1 characters read: e, next 128 characters to read: rror: unexpected argument &apos;--language-binding&apos; found

Usage: selenium-manager.exe &lt;--browser &lt;BROWSER&gt;|--driver &lt;DRIVER&gt;|--grid 
Build info: version: &apos;4.16.1&apos;, revision: &apos;9b4c83354e&apos;
System info: os.name: &apos;Windows 11&apos;, os.arch: &apos;amd64&apos;, os.version: &apos;10.0&apos;, java.version: &apos;21.0.2&apos;
Driver info: driver.version: FirefoxDriver
	at org.openqa.selenium.json.JsonInput.peek(JsonInput.java:166)
	at org.openqa.selenium.json.JsonTypeCoercer.lambda$buildCoercer$6(JsonTypeCoercer.java:167)
	at org.openqa.selenium.json.JsonTypeCoercer.coerce(JsonTypeCoercer.java:146)
	at org.openqa.selenium.json.Json.toType(Json.java:206)
	at org.openqa.selenium.json.Json.toType(Json.java:167)
	... 37 more
</pre></div></td>
<td>0</td>
<td>testautomation.tests.SubmitOrderTest@6356695f</td></tr>
<tr>
<td title='testautomation.tests.SubmitOrderTest.tearDown()'><b>tearDown</b><br>Test class: testautomation.tests.SubmitOrderTest</td>
<td><div><pre>java.lang.NullPointerException: Cannot invoke &quot;org.openqa.selenium.WebDriver.close()&quot; because &quot;this.driver&quot; is null
	at testautomation.TestComponents.BaseTest.tearDown(BaseTest.java:102)
	at java.base/java.util.ArrayList.forEach(ArrayList.java:1596)
	at java.base/java.util.concurrent.FutureTask.run(FutureTask.java:317)
	at java.base/java.util.concurrent.ThreadPoolExecutor.runWorker(ThreadPoolExecutor.java:1144)
	at java.base/java.util.concurrent.ThreadPoolExecutor$Worker.run(ThreadPoolExecutor.java:642)
	at java.base/java.lang.Thread.run(Thread.java:1583)
... Removed 21 stack frames</pre></div><a href='#' onClick='toggleBox("stack-trace660355775", this, "Click to show all stack frames", "Click to hide stack frames")'>Click to show all stack frames</a>
<div class='stack-trace' id='stack-trace660355775'><pre>java.lang.NullPointerException: Cannot invoke &quot;org.openqa.selenium.WebDriver.close()&quot; because &quot;this.driver&quot; is null
	at testautomation.TestComponents.BaseTest.tearDown(BaseTest.java:102)
	at java.base/jdk.internal.reflect.DirectMethodHandleAccessor.invoke(DirectMethodHandleAccessor.java:103)
	at java.base/java.lang.reflect.Method.invoke(Method.java:580)
	at org.testng.internal.MethodInvocationHelper.invokeMethod(MethodInvocationHelper.java:133)
	at org.testng.internal.MethodInvocationHelper.invokeMethodConsideringTimeout(MethodInvocationHelper.java:62)
	at org.testng.internal.ConfigInvoker.invokeConfigurationMethod(ConfigInvoker.java:385)
	at org.testng.internal.ConfigInvoker.invokeConfigurations(ConfigInvoker.java:321)
	at org.testng.internal.TestInvoker.runConfigMethods(TestInvoker.java:700)
	at org.testng.internal.TestInvoker.runAfterGroupsConfigurations(TestInvoker.java:676)
	at org.testng.internal.TestInvoker.invokeMethod(TestInvoker.java:546)
	at org.testng.internal.TestInvoker.invokeTestMethod(TestInvoker.java:173)
	at org.testng.internal.MethodRunner.runInSequence(MethodRunner.java:46)
	at org.testng.internal.TestInvoker$MethodInvocationAgent.invoke(TestInvoker.java:824)
	at org.testng.internal.TestInvoker.invokeTestMethods(TestInvoker.java:146)
	at org.testng.internal.TestMethodWorker.invokeTestMethods(TestMethodWorker.java:146)
	at org.testng.internal.TestMethodWorker.run(TestMethodWorker.java:128)
	at java.base/java.util.ArrayList.forEach(ArrayList.java:1596)
	at org.testng.TestRunner.privateRun(TestRunner.java:794)
	at org.testng.TestRunner.run(TestRunner.java:596)
	at org.testng.SuiteRunner.runTest(SuiteRunner.java:377)
	at org.testng.SuiteRunner.access$000(SuiteRunner.java:28)
	at org.testng.SuiteRunner$SuiteWorker.run(SuiteRunner.java:418)
	at org.testng.internal.thread.ThreadUtil.lambda$execute$0(ThreadUtil.java:64)
	at java.base/java.util.concurrent.FutureTask.run(FutureTask.java:317)
	at java.base/java.util.concurrent.ThreadPoolExecutor.runWorker(ThreadPoolExecutor.java:1144)
	at java.base/java.util.concurrent.ThreadPoolExecutor$Worker.run(ThreadPoolExecutor.java:642)
	at java.base/java.lang.Thread.run(Thread.java:1583)
</pre></div></td>
<td>0</td>
<td>testautomation.tests.SubmitOrderTest@6356695f</td></tr>
<tr>
<td title='testautomation.tests.SubmitOrderTest.launchApplication()'><b>launchApplication</b><br>Test class: testautomation.tests.SubmitOrderTest</td>
<td><div><pre>org.openqa.selenium.remote.NoSuchDriverException: Unable to obtain: Capabilities {acceptInsecureCerts: true, browserName: firefox, moz:debuggerAddress: true, moz:firefoxOptions: {}}, error Command failed with code: 2, executed: [--browser, firefox, --language-binding, java, --output, json]
error: unexpected argument &apos;--language-binding&apos; found

Usage: selenium-manager.exe &lt;--browser &lt;BROWSER&gt;|--driver &lt;DRIVER&gt;|--grid [&lt;GRID_VERSION&gt;]|--driver-version &lt;DRIVER_VERSION&gt;|--browser-version &lt;BROWSER_VERSION&gt;|--browser-path &lt;BROWSER_PATH&gt;|--driver-mirror-url &lt;DRIVER_MIRROR_URL&gt;|--browser-mirror-url &lt;BROWSER_MIRROR_URL&gt;|--output &lt;OUTPUT&gt;|--os &lt;OS&gt;|--arch &lt;ARCH&gt;|--proxy &lt;PROXY&gt;|--timeout &lt;TIMEOUT&gt;|--ttl &lt;TTL&gt;|--cache-path &lt;CACHE_PATH&gt;|--clear-cache|--clear-metadata|--debug|--trace|--offline|--force-browser-download|--avoid-browser-download&gt;

For more information, try &apos;--help&apos;.

	at org.openqa.selenium.remote.service.DriverFinder.getPath(DriverFinder.java:48)
	at org.openqa.selenium.remote.service.DriverFinder.getPath(DriverFinder.java:33)
	at org.openqa.selenium.firefox.FirefoxDriver.generateExecutor(FirefoxDriver.java:141)
	at org.openqa.selenium.firefox.FirefoxDriver.&lt;init&gt;(FirefoxDriver.java:133)
	at org.openqa.selenium.firefox.FirefoxDriver.&lt;init&gt;(FirefoxDriver.java:128)
	at org.openqa.selenium.firefox.FirefoxDriver.&lt;init&gt;(FirefoxDriver.java:113)
	at org.openqa.selenium.firefox.FirefoxDriver.&lt;init&gt;(FirefoxDriver.java:103)
	at testautomation.TestComponents.BaseTest.initializeDriver(BaseTest.java:57)
	at testautomation.TestComponents.BaseTest.launchApplication(BaseTest.java:94)
	at java.base/java.util.ArrayList.forEach(ArrayList.java:1596)
	at java.base/java.util.concurrent.FutureTask.run(FutureTask.java:317)
	at java.base/java.util.concurrent.ThreadPoolExecutor.runWorker(ThreadPoolExecutor.java:1144)
	at java.base/java.util.concurrent.ThreadPoolExecutor$Worker.run(ThreadPoolExecutor.java:642)
	at java.base/java.lang.Thread.run(Thread.java:1583)
Caused by: org.openqa.selenium.WebDriverException: Command failed with code: 2, executed: [--browser, firefox, --language-binding, java, --output, json]
error: unexpected argument &apos;--language-binding&apos; found

Usage: selenium-manager.exe &lt;--browser &lt;BROWSER&gt;|--driver &lt;DRIVER&gt;|--grid [&lt;GRID_VERSION&gt;]|--driver-version &lt;DRIVER_VERSION&gt;|--browser-version &lt;BROWSER_VERSION&gt;|--browser-path &lt;BROWSER_PATH&gt;|--driver-mirror-url &lt;DRIVER_MIRROR_URL&gt;|--browser-mirror-url &lt;BROWSER_MIRROR_URL&gt;|--output &lt;OUTPUT&gt;|--os &lt;OS&gt;|--arch &lt;ARCH&gt;|--proxy &lt;PROXY&gt;|--timeout &lt;TIMEOUT&gt;|--ttl &lt;TTL&gt;|--cache-path &lt;CACHE_PATH&gt;|--clear-cache|--clear-metadata|--debug|--trace|--offline|--force-browser-download|--avoid-browser-download&gt;

For more information, try &apos;--help&apos;.

	at org.openqa.selenium.manager.SeleniumManager.runCommand(SeleniumManager.java:159)
	at org.openqa.selenium.manager.SeleniumManager.getDriverPath(SeleniumManager.java:303)
	at org.openqa.selenium.remote.service.DriverFinder.getPath(DriverFinder.java:45)
	... 33 more
Caused by: org.openqa.selenium.json.JsonException: Unable to parse: error: unexpected argument &apos;--language-binding&apos; found

Usage: selenium-manager.exe &lt;--browser &lt;BROWSER&gt;|--driver &lt;DRIVER&gt;|--grid [&lt;GRID_VERSION&gt;]|--driver-version &lt;DRIVER_VERSION&gt;|--browser-version &lt;BROWSER_VERSION&gt;|--browser-path &lt;BROWSER_PATH&gt;|--driver-mirror-url &lt;DRIVER_MIRROR_URL&gt;|--browser-mirror-url &lt;BROWSER_MIRROR_URL&gt;|--output &lt;OUTPUT&gt;|--os &lt;OS&gt;|--arch &lt;ARCH&gt;|--proxy &lt;PROXY&gt;|--timeout &lt;TIMEOUT&gt;|--ttl &lt;TTL&gt;|--cache-path &lt;CACHE_PATH&gt;|--clear-cache|--clear-metadata|--debug|--trace|--offline|--force-browser-download|--avoid-browser-download&gt;

For more information, try &apos;--help&apos;.

	at org.openqa.selenium.json.Json.toType(Json.java:169)
	at org.openqa.selenium.json.Json.toType(Json.java:152)
	at org.openqa.selenium.manager.SeleniumManager.runCommand(SeleniumManager.java:144)
	... 35 more
Caused by: org.openqa.selenium.json.JsonException: Unable to determine type from: e. Last 1 characters read: e, next 128 characters to read: rror: unexpected argument &apos;--language-binding&apos; found

Usage: selenium-manager.exe &lt;--browser &lt;BROWSER&gt;|--driver &lt;DRIVER&gt;|--grid 
Build info: version: &apos;4.16.1&apos;, revision: &apos;9b4c83354e&apos;
System info: os.name: &apos;Windows 11&apos;, os.arch: &apos;amd64&apos;, os.version: &apos;10.0&apos;, java.version: &apos;21.0.2&apos;
Driver info: driver.version: FirefoxDriver
	at org.openqa.selenium.json.JsonInput.peek(JsonInput.java:166)
	at org.openqa.selenium.json.JsonTypeCoercer.lambda$buildCoercer$6(JsonTypeCoercer.java:167)
	at org.openqa.selenium.json.JsonTypeCoercer.coerce(JsonTypeCoercer.java:146)
	at org.openqa.selenium.json.Json.toType(Json.java:206)
	at org.openqa.selenium.json.Json.toType(Json.java:167)
	... 37 more
... Removed 20 stack frames</pre></div><a href='#' onClick='toggleBox("stack-trace1312253694", this, "Click to show all stack frames", "Click to hide stack frames")'>Click to show all stack frames</a>
<div class='stack-trace' id='stack-trace1312253694'><pre>org.openqa.selenium.remote.NoSuchDriverException: Unable to obtain: Capabilities {acceptInsecureCerts: true, browserName: firefox, moz:debuggerAddress: true, moz:firefoxOptions: {}}, error Command failed with code: 2, executed: [--browser, firefox, --language-binding, java, --output, json]
error: unexpected argument &apos;--language-binding&apos; found

Usage: selenium-manager.exe &lt;--browser &lt;BROWSER&gt;|--driver &lt;DRIVER&gt;|--grid [&lt;GRID_VERSION&gt;]|--driver-version &lt;DRIVER_VERSION&gt;|--browser-version &lt;BROWSER_VERSION&gt;|--browser-path &lt;BROWSER_PATH&gt;|--driver-mirror-url &lt;DRIVER_MIRROR_URL&gt;|--browser-mirror-url &lt;BROWSER_MIRROR_URL&gt;|--output &lt;OUTPUT&gt;|--os &lt;OS&gt;|--arch &lt;ARCH&gt;|--proxy &lt;PROXY&gt;|--timeout &lt;TIMEOUT&gt;|--ttl &lt;TTL&gt;|--cache-path &lt;CACHE_PATH&gt;|--clear-cache|--clear-metadata|--debug|--trace|--offline|--force-browser-download|--avoid-browser-download&gt;

For more information, try &apos;--help&apos;.

	at org.openqa.selenium.remote.service.DriverFinder.getPath(DriverFinder.java:48)
	at org.openqa.selenium.remote.service.DriverFinder.getPath(DriverFinder.java:33)
	at org.openqa.selenium.firefox.FirefoxDriver.generateExecutor(FirefoxDriver.java:141)
	at org.openqa.selenium.firefox.FirefoxDriver.&lt;init&gt;(FirefoxDriver.java:133)
	at org.openqa.selenium.firefox.FirefoxDriver.&lt;init&gt;(FirefoxDriver.java:128)
	at org.openqa.selenium.firefox.FirefoxDriver.&lt;init&gt;(FirefoxDriver.java:113)
	at org.openqa.selenium.firefox.FirefoxDriver.&lt;init&gt;(FirefoxDriver.java:103)
	at testautomation.TestComponents.BaseTest.initializeDriver(BaseTest.java:57)
	at testautomation.TestComponents.BaseTest.launchApplication(BaseTest.java:94)
	at java.base/jdk.internal.reflect.DirectMethodHandleAccessor.invoke(DirectMethodHandleAccessor.java:103)
	at java.base/java.lang.reflect.Method.invoke(Method.java:580)
	at org.testng.internal.MethodInvocationHelper.invokeMethod(MethodInvocationHelper.java:133)
	at org.testng.internal.MethodInvocationHelper.invokeMethodConsideringTimeout(MethodInvocationHelper.java:62)
	at org.testng.internal.ConfigInvoker.invokeConfigurationMethod(ConfigInvoker.java:385)
	at org.testng.internal.ConfigInvoker.invokeConfigurations(ConfigInvoker.java:321)
	at org.testng.internal.TestInvoker.runConfigMethods(TestInvoker.java:700)
	at org.testng.internal.TestInvoker.invokeMethod(TestInvoker.java:527)
	at org.testng.internal.TestInvoker.invokeTestMethod(TestInvoker.java:173)
	at org.testng.internal.MethodRunner.runInSequence(MethodRunner.java:46)
	at org.testng.internal.TestInvoker$MethodInvocationAgent.invoke(TestInvoker.java:824)
	at org.testng.internal.TestInvoker.invokeTestMethods(TestInvoker.java:146)
	at org.testng.internal.TestMethodWorker.invokeTestMethods(TestMethodWorker.java:146)
	at org.testng.internal.TestMethodWorker.run(TestMethodWorker.java:128)
	at java.base/java.util.ArrayList.forEach(ArrayList.java:1596)
	at org.testng.TestRunner.privateRun(TestRunner.java:794)
	at org.testng.TestRunner.run(TestRunner.java:596)
	at org.testng.SuiteRunner.runTest(SuiteRunner.java:377)
	at org.testng.SuiteRunner.access$000(SuiteRunner.java:28)
	at org.testng.SuiteRunner$SuiteWorker.run(SuiteRunner.java:418)
	at org.testng.internal.thread.ThreadUtil.lambda$execute$0(ThreadUtil.java:64)
	at java.base/java.util.concurrent.FutureTask.run(FutureTask.java:317)
	at java.base/java.util.concurrent.ThreadPoolExecutor.runWorker(ThreadPoolExecutor.java:1144)
	at java.base/java.util.concurrent.ThreadPoolExecutor$Worker.run(ThreadPoolExecutor.java:642)
	at java.base/java.lang.Thread.run(Thread.java:1583)
Caused by: org.openqa.selenium.WebDriverException: Command failed with code: 2, executed: [--browser, firefox, --language-binding, java, --output, json]
error: unexpected argument &apos;--language-binding&apos; found

Usage: selenium-manager.exe &lt;--browser &lt;BROWSER&gt;|--driver &lt;DRIVER&gt;|--grid [&lt;GRID_VERSION&gt;]|--driver-version &lt;DRIVER_VERSION&gt;|--browser-version &lt;BROWSER_VERSION&gt;|--browser-path &lt;BROWSER_PATH&gt;|--driver-mirror-url &lt;DRIVER_MIRROR_URL&gt;|--browser-mirror-url &lt;BROWSER_MIRROR_URL&gt;|--output &lt;OUTPUT&gt;|--os &lt;OS&gt;|--arch &lt;ARCH&gt;|--proxy &lt;PROXY&gt;|--timeout &lt;TIMEOUT&gt;|--ttl &lt;TTL&gt;|--cache-path &lt;CACHE_PATH&gt;|--clear-cache|--clear-metadata|--debug|--trace|--offline|--force-browser-download|--avoid-browser-download&gt;

For more information, try &apos;--help&apos;.

	at org.openqa.selenium.manager.SeleniumManager.runCommand(SeleniumManager.java:159)
	at org.openqa.selenium.manager.SeleniumManager.getDriverPath(SeleniumManager.java:303)
	at org.openqa.selenium.remote.service.DriverFinder.getPath(DriverFinder.java:45)
	... 33 more
Caused by: org.openqa.selenium.json.JsonException: Unable to parse: error: unexpected argument &apos;--language-binding&apos; found

Usage: selenium-manager.exe &lt;--browser &lt;BROWSER&gt;|--driver &lt;DRIVER&gt;|--grid [&lt;GRID_VERSION&gt;]|--driver-version &lt;DRIVER_VERSION&gt;|--browser-version &lt;BROWSER_VERSION&gt;|--browser-path &lt;BROWSER_PATH&gt;|--driver-mirror-url &lt;DRIVER_MIRROR_URL&gt;|--browser-mirror-url &lt;BROWSER_MIRROR_URL&gt;|--output &lt;OUTPUT&gt;|--os &lt;OS&gt;|--arch &lt;ARCH&gt;|--proxy &lt;PROXY&gt;|--timeout &lt;TIMEOUT&gt;|--ttl &lt;TTL&gt;|--cache-path &lt;CACHE_PATH&gt;|--clear-cache|--clear-metadata|--debug|--trace|--offline|--force-browser-download|--avoid-browser-download&gt;

For more information, try &apos;--help&apos;.

	at org.openqa.selenium.json.Json.toType(Json.java:169)
	at org.openqa.selenium.json.Json.toType(Json.java:152)
	at org.openqa.selenium.manager.SeleniumManager.runCommand(SeleniumManager.java:144)
	... 35 more
Caused by: org.openqa.selenium.json.JsonException: Unable to determine type from: e. Last 1 characters read: e, next 128 characters to read: rror: unexpected argument &apos;--language-binding&apos; found

Usage: selenium-manager.exe &lt;--browser &lt;BROWSER&gt;|--driver &lt;DRIVER&gt;|--grid 
Build info: version: &apos;4.16.1&apos;, revision: &apos;9b4c83354e&apos;
System info: os.name: &apos;Windows 11&apos;, os.arch: &apos;amd64&apos;, os.version: &apos;10.0&apos;, java.version: &apos;21.0.2&apos;
Driver info: driver.version: FirefoxDriver
	at org.openqa.selenium.json.JsonInput.peek(JsonInput.java:166)
	at org.openqa.selenium.json.JsonTypeCoercer.lambda$buildCoercer$6(JsonTypeCoercer.java:167)
	at org.openqa.selenium.json.JsonTypeCoercer.coerce(JsonTypeCoercer.java:146)
	at org.openqa.selenium.json.Json.toType(Json.java:206)
	at org.openqa.selenium.json.Json.toType(Json.java:167)
	... 37 more
</pre></div></td>
<td>0</td>
<td>testautomation.tests.SubmitOrderTest@6356695f</td></tr>
<tr>
<td title='testautomation.tests.SubmitOrderTest.tearDown()'><b>tearDown</b><br>Test class: testautomation.tests.SubmitOrderTest</td>
<td><div><pre>java.lang.NullPointerException: Cannot invoke &quot;org.openqa.selenium.WebDriver.close()&quot; because &quot;this.driver&quot; is null
	at testautomation.TestComponents.BaseTest.tearDown(BaseTest.java:102)
	at java.base/java.util.ArrayList.forEach(ArrayList.java:1596)
	at java.base/java.util.concurrent.FutureTask.run(FutureTask.java:317)
	at java.base/java.util.concurrent.ThreadPoolExecutor.runWorker(ThreadPoolExecutor.java:1144)
	at java.base/java.util.concurrent.ThreadPoolExecutor$Worker.run(ThreadPoolExecutor.java:642)
	at java.base/java.lang.Thread.run(Thread.java:1583)
... Removed 21 stack frames</pre></div><a href='#' onClick='toggleBox("stack-trace1561364522", this, "Click to show all stack frames", "Click to hide stack frames")'>Click to show all stack frames</a>
<div class='stack-trace' id='stack-trace1561364522'><pre>java.lang.NullPointerException: Cannot invoke &quot;org.openqa.selenium.WebDriver.close()&quot; because &quot;this.driver&quot; is null
	at testautomation.TestComponents.BaseTest.tearDown(BaseTest.java:102)
	at java.base/jdk.internal.reflect.DirectMethodHandleAccessor.invoke(DirectMethodHandleAccessor.java:103)
	at java.base/java.lang.reflect.Method.invoke(Method.java:580)
	at org.testng.internal.MethodInvocationHelper.invokeMethod(MethodInvocationHelper.java:133)
	at org.testng.internal.MethodInvocationHelper.invokeMethodConsideringTimeout(MethodInvocationHelper.java:62)
	at org.testng.internal.ConfigInvoker.invokeConfigurationMethod(ConfigInvoker.java:385)
	at org.testng.internal.ConfigInvoker.invokeConfigurations(ConfigInvoker.java:321)
	at org.testng.internal.TestInvoker.runConfigMethods(TestInvoker.java:700)
	at org.testng.internal.TestInvoker.runAfterGroupsConfigurations(TestInvoker.java:676)
	at org.testng.internal.TestInvoker.invokeMethod(TestInvoker.java:546)
	at org.testng.internal.TestInvoker.invokeTestMethod(TestInvoker.java:173)
	at org.testng.internal.MethodRunner.runInSequence(MethodRunner.java:46)
	at org.testng.internal.TestInvoker$MethodInvocationAgent.invoke(TestInvoker.java:824)
	at org.testng.internal.TestInvoker.invokeTestMethods(TestInvoker.java:146)
	at org.testng.internal.TestMethodWorker.invokeTestMethods(TestMethodWorker.java:146)
	at org.testng.internal.TestMethodWorker.run(TestMethodWorker.java:128)
	at java.base/java.util.ArrayList.forEach(ArrayList.java:1596)
	at org.testng.TestRunner.privateRun(TestRunner.java:794)
	at org.testng.TestRunner.run(TestRunner.java:596)
	at org.testng.SuiteRunner.runTest(SuiteRunner.java:377)
	at org.testng.SuiteRunner.access$000(SuiteRunner.java:28)
	at org.testng.SuiteRunner$SuiteWorker.run(SuiteRunner.java:418)
	at org.testng.internal.thread.ThreadUtil.lambda$execute$0(ThreadUtil.java:64)
	at java.base/java.util.concurrent.FutureTask.run(FutureTask.java:317)
	at java.base/java.util.concurrent.ThreadPoolExecutor.runWorker(ThreadPoolExecutor.java:1144)
	at java.base/java.util.concurrent.ThreadPoolExecutor$Worker.run(ThreadPoolExecutor.java:642)
	at java.base/java.lang.Thread.run(Thread.java:1583)
</pre></div></td>
<td>0</td>
<td>testautomation.tests.SubmitOrderTest@6356695f</td></tr>
</table><p>
<table width='100%' border='1' class='invocation-skipped'>
<tr><td colspan='4' align='center'><b>SKIPPED TESTS</b></td></tr>
<tr><td><b>Test method</b></td>
<td width="30%"><b>Exception</b></td>
<td width="10%"><b>Time (seconds)</b></td>
<td><b>Instance</b></td>
</tr>
<tr>
<td title='testautomation.tests.SubmitOrderTest.submitOrder()'><b>submitOrder</b><br>Test class: testautomation.tests.SubmitOrderTest<br>Parameters: {password=Iamking@000, product=ZARA COAT 3, email=anshika@gmail.com}</td>
<td><div><pre>org.openqa.selenium.remote.NoSuchDriverException: Unable to obtain: Capabilities {acceptInsecureCerts: true, browserName: firefox, moz:debuggerAddress: true, moz:firefoxOptions: {}}, error Command failed with code: 2, executed: [--browser, firefox, --language-binding, java, --output, json]
error: unexpected argument &apos;--language-binding&apos; found

Usage: selenium-manager.exe &lt;--browser &lt;BROWSER&gt;|--driver &lt;DRIVER&gt;|--grid [&lt;GRID_VERSION&gt;]|--driver-version &lt;DRIVER_VERSION&gt;|--browser-version &lt;BROWSER_VERSION&gt;|--browser-path &lt;BROWSER_PATH&gt;|--driver-mirror-url &lt;DRIVER_MIRROR_URL&gt;|--browser-mirror-url &lt;BROWSER_MIRROR_URL&gt;|--output &lt;OUTPUT&gt;|--os &lt;OS&gt;|--arch &lt;ARCH&gt;|--proxy &lt;PROXY&gt;|--timeout &lt;TIMEOUT&gt;|--ttl &lt;TTL&gt;|--cache-path &lt;CACHE_PATH&gt;|--clear-cache|--clear-metadata|--debug|--trace|--offline|--force-browser-download|--avoid-browser-download&gt;

For more information, try &apos;--help&apos;.

	at org.openqa.selenium.remote.service.DriverFinder.getPath(DriverFinder.java:48)
	at org.openqa.selenium.remote.service.DriverFinder.getPath(DriverFinder.java:33)
	at org.openqa.selenium.firefox.FirefoxDriver.generateExecutor(FirefoxDriver.java:141)
	at org.openqa.selenium.firefox.FirefoxDriver.&lt;init&gt;(FirefoxDriver.java:133)
	at org.openqa.selenium.firefox.FirefoxDriver.&lt;init&gt;(FirefoxDriver.java:128)
	at org.openqa.selenium.firefox.FirefoxDriver.&lt;init&gt;(FirefoxDriver.java:113)
	at org.openqa.selenium.firefox.FirefoxDriver.&lt;init&gt;(FirefoxDriver.java:103)
	at testautomation.TestComponents.BaseTest.initializeDriver(BaseTest.java:57)
	at testautomation.TestComponents.BaseTest.launchApplication(BaseTest.java:94)
	at java.base/java.util.ArrayList.forEach(ArrayList.java:1596)
	at java.base/java.util.concurrent.FutureTask.run(FutureTask.java:317)
	at java.base/java.util.concurrent.ThreadPoolExecutor.runWorker(ThreadPoolExecutor.java:1144)
	at java.base/java.util.concurrent.ThreadPoolExecutor$Worker.run(ThreadPoolExecutor.java:642)
	at java.base/java.lang.Thread.run(Thread.java:1583)
Caused by: org.openqa.selenium.WebDriverException: Command failed with code: 2, executed: [--browser, firefox, --language-binding, java, --output, json]
error: unexpected argument &apos;--language-binding&apos; found

Usage: selenium-manager.exe &lt;--browser &lt;BROWSER&gt;|--driver &lt;DRIVER&gt;|--grid [&lt;GRID_VERSION&gt;]|--driver-version &lt;DRIVER_VERSION&gt;|--browser-version &lt;BROWSER_VERSION&gt;|--browser-path &lt;BROWSER_PATH&gt;|--driver-mirror-url &lt;DRIVER_MIRROR_URL&gt;|--browser-mirror-url &lt;BROWSER_MIRROR_URL&gt;|--output &lt;OUTPUT&gt;|--os &lt;OS&gt;|--arch &lt;ARCH&gt;|--proxy &lt;PROXY&gt;|--timeout &lt;TIMEOUT&gt;|--ttl &lt;TTL&gt;|--cache-path &lt;CACHE_PATH&gt;|--clear-cache|--clear-metadata|--debug|--trace|--offline|--force-browser-download|--avoid-browser-download&gt;

For more information, try &apos;--help&apos;.

	at org.openqa.selenium.manager.SeleniumManager.runCommand(SeleniumManager.java:159)
	at org.openqa.selenium.manager.SeleniumManager.getDriverPath(SeleniumManager.java:303)
	at org.openqa.selenium.remote.service.DriverFinder.getPath(DriverFinder.java:45)
	... 33 more
Caused by: org.openqa.selenium.json.JsonException: Unable to parse: error: unexpected argument &apos;--language-binding&apos; found

Usage: selenium-manager.exe &lt;--browser &lt;BROWSER&gt;|--driver &lt;DRIVER&gt;|--grid [&lt;GRID_VERSION&gt;]|--driver-version &lt;DRIVER_VERSION&gt;|--browser-version &lt;BROWSER_VERSION&gt;|--browser-path &lt;BROWSER_PATH&gt;|--driver-mirror-url &lt;DRIVER_MIRROR_URL&gt;|--browser-mirror-url &lt;BROWSER_MIRROR_URL&gt;|--output &lt;OUTPUT&gt;|--os &lt;OS&gt;|--arch &lt;ARCH&gt;|--proxy &lt;PROXY&gt;|--timeout &lt;TIMEOUT&gt;|--ttl &lt;TTL&gt;|--cache-path &lt;CACHE_PATH&gt;|--clear-cache|--clear-metadata|--debug|--trace|--offline|--force-browser-download|--avoid-browser-download&gt;

For more information, try &apos;--help&apos;.

	at org.openqa.selenium.json.Json.toType(Json.java:169)
	at org.openqa.selenium.json.Json.toType(Json.java:152)
	at org.openqa.selenium.manager.SeleniumManager.runCommand(SeleniumManager.java:144)
	... 35 more
Caused by: org.openqa.selenium.json.JsonException: Unable to determine type from: e. Last 1 characters read: e, next 128 characters to read: rror: unexpected argument &apos;--language-binding&apos; found

Usage: selenium-manager.exe &lt;--browser &lt;BROWSER&gt;|--driver &lt;DRIVER&gt;|--grid 
Build info: version: &apos;4.16.1&apos;, revision: &apos;9b4c83354e&apos;
System info: os.name: &apos;Windows 11&apos;, os.arch: &apos;amd64&apos;, os.version: &apos;10.0&apos;, java.version: &apos;21.0.2&apos;
Driver info: driver.version: FirefoxDriver
	at org.openqa.selenium.json.JsonInput.peek(JsonInput.java:166)
	at org.openqa.selenium.json.JsonTypeCoercer.lambda$buildCoercer$6(JsonTypeCoercer.java:167)
	at org.openqa.selenium.json.JsonTypeCoercer.coerce(JsonTypeCoercer.java:146)
	at org.openqa.selenium.json.Json.toType(Json.java:206)
	at org.openqa.selenium.json.Json.toType(Json.java:167)
	... 37 more
... Removed 20 stack frames</pre></div><a href='#' onClick='toggleBox("stack-trace1628739985", this, "Click to show all stack frames", "Click to hide stack frames")'>Click to show all stack frames</a>
<div class='stack-trace' id='stack-trace1628739985'><pre>org.openqa.selenium.remote.NoSuchDriverException: Unable to obtain: Capabilities {acceptInsecureCerts: true, browserName: firefox, moz:debuggerAddress: true, moz:firefoxOptions: {}}, error Command failed with code: 2, executed: [--browser, firefox, --language-binding, java, --output, json]
error: unexpected argument &apos;--language-binding&apos; found

Usage: selenium-manager.exe &lt;--browser &lt;BROWSER&gt;|--driver &lt;DRIVER&gt;|--grid [&lt;GRID_VERSION&gt;]|--driver-version &lt;DRIVER_VERSION&gt;|--browser-version &lt;BROWSER_VERSION&gt;|--browser-path &lt;BROWSER_PATH&gt;|--driver-mirror-url &lt;DRIVER_MIRROR_URL&gt;|--browser-mirror-url &lt;BROWSER_MIRROR_URL&gt;|--output &lt;OUTPUT&gt;|--os &lt;OS&gt;|--arch &lt;ARCH&gt;|--proxy &lt;PROXY&gt;|--timeout &lt;TIMEOUT&gt;|--ttl &lt;TTL&gt;|--cache-path &lt;CACHE_PATH&gt;|--clear-cache|--clear-metadata|--debug|--trace|--offline|--force-browser-download|--avoid-browser-download&gt;

For more information, try &apos;--help&apos;.

	at org.openqa.selenium.remote.service.DriverFinder.getPath(DriverFinder.java:48)
	at org.openqa.selenium.remote.service.DriverFinder.getPath(DriverFinder.java:33)
	at org.openqa.selenium.firefox.FirefoxDriver.generateExecutor(FirefoxDriver.java:141)
	at org.openqa.selenium.firefox.FirefoxDriver.&lt;init&gt;(FirefoxDriver.java:133)
	at org.openqa.selenium.firefox.FirefoxDriver.&lt;init&gt;(FirefoxDriver.java:128)
	at org.openqa.selenium.firefox.FirefoxDriver.&lt;init&gt;(FirefoxDriver.java:113)
	at org.openqa.selenium.firefox.FirefoxDriver.&lt;init&gt;(FirefoxDriver.java:103)
	at testautomation.TestComponents.BaseTest.initializeDriver(BaseTest.java:57)
	at testautomation.TestComponents.BaseTest.launchApplication(BaseTest.java:94)
	at java.base/jdk.internal.reflect.DirectMethodHandleAccessor.invoke(DirectMethodHandleAccessor.java:103)
	at java.base/java.lang.reflect.Method.invoke(Method.java:580)
	at org.testng.internal.MethodInvocationHelper.invokeMethod(MethodInvocationHelper.java:133)
	at org.testng.internal.MethodInvocationHelper.invokeMethodConsideringTimeout(MethodInvocationHelper.java:62)
	at org.testng.internal.ConfigInvoker.invokeConfigurationMethod(ConfigInvoker.java:385)
	at org.testng.internal.ConfigInvoker.invokeConfigurations(ConfigInvoker.java:321)
	at org.testng.internal.TestInvoker.runConfigMethods(TestInvoker.java:700)
	at org.testng.internal.TestInvoker.invokeMethod(TestInvoker.java:527)
	at org.testng.internal.TestInvoker.invokeTestMethod(TestInvoker.java:173)
	at org.testng.internal.MethodRunner.runInSequence(MethodRunner.java:46)
	at org.testng.internal.TestInvoker$MethodInvocationAgent.invoke(TestInvoker.java:824)
	at org.testng.internal.TestInvoker.invokeTestMethods(TestInvoker.java:146)
	at org.testng.internal.TestMethodWorker.invokeTestMethods(TestMethodWorker.java:146)
	at org.testng.internal.TestMethodWorker.run(TestMethodWorker.java:128)
	at java.base/java.util.ArrayList.forEach(ArrayList.java:1596)
	at org.testng.TestRunner.privateRun(TestRunner.java:794)
	at org.testng.TestRunner.run(TestRunner.java:596)
	at org.testng.SuiteRunner.runTest(SuiteRunner.java:377)
	at org.testng.SuiteRunner.access$000(SuiteRunner.java:28)
	at org.testng.SuiteRunner$SuiteWorker.run(SuiteRunner.java:418)
	at org.testng.internal.thread.ThreadUtil.lambda$execute$0(ThreadUtil.java:64)
	at java.base/java.util.concurrent.FutureTask.run(FutureTask.java:317)
	at java.base/java.util.concurrent.ThreadPoolExecutor.runWorker(ThreadPoolExecutor.java:1144)
	at java.base/java.util.concurrent.ThreadPoolExecutor$Worker.run(ThreadPoolExecutor.java:642)
	at java.base/java.lang.Thread.run(Thread.java:1583)
Caused by: org.openqa.selenium.WebDriverException: Command failed with code: 2, executed: [--browser, firefox, --language-binding, java, --output, json]
error: unexpected argument &apos;--language-binding&apos; found

Usage: selenium-manager.exe &lt;--browser &lt;BROWSER&gt;|--driver &lt;DRIVER&gt;|--grid [&lt;GRID_VERSION&gt;]|--driver-version &lt;DRIVER_VERSION&gt;|--browser-version &lt;BROWSER_VERSION&gt;|--browser-path &lt;BROWSER_PATH&gt;|--driver-mirror-url &lt;DRIVER_MIRROR_URL&gt;|--browser-mirror-url &lt;BROWSER_MIRROR_URL&gt;|--output &lt;OUTPUT&gt;|--os &lt;OS&gt;|--arch &lt;ARCH&gt;|--proxy &lt;PROXY&gt;|--timeout &lt;TIMEOUT&gt;|--ttl &lt;TTL&gt;|--cache-path &lt;CACHE_PATH&gt;|--clear-cache|--clear-metadata|--debug|--trace|--offline|--force-browser-download|--avoid-browser-download&gt;

For more information, try &apos;--help&apos;.

	at org.openqa.selenium.manager.SeleniumManager.runCommand(SeleniumManager.java:159)
	at org.openqa.selenium.manager.SeleniumManager.getDriverPath(SeleniumManager.java:303)
	at org.openqa.selenium.remote.service.DriverFinder.getPath(DriverFinder.java:45)
	... 33 more
Caused by: org.openqa.selenium.json.JsonException: Unable to parse: error: unexpected argument &apos;--language-binding&apos; found

Usage: selenium-manager.exe &lt;--browser &lt;BROWSER&gt;|--driver &lt;DRIVER&gt;|--grid [&lt;GRID_VERSION&gt;]|--driver-version &lt;DRIVER_VERSION&gt;|--browser-version &lt;BROWSER_VERSION&gt;|--browser-path &lt;BROWSER_PATH&gt;|--driver-mirror-url &lt;DRIVER_MIRROR_URL&gt;|--browser-mirror-url &lt;BROWSER_MIRROR_URL&gt;|--output &lt;OUTPUT&gt;|--os &lt;OS&gt;|--arch &lt;ARCH&gt;|--proxy &lt;PROXY&gt;|--timeout &lt;TIMEOUT&gt;|--ttl &lt;TTL&gt;|--cache-path &lt;CACHE_PATH&gt;|--clear-cache|--clear-metadata|--debug|--trace|--offline|--force-browser-download|--avoid-browser-download&gt;

For more information, try &apos;--help&apos;.

	at org.openqa.selenium.json.Json.toType(Json.java:169)
	at org.openqa.selenium.json.Json.toType(Json.java:152)
	at org.openqa.selenium.manager.SeleniumManager.runCommand(SeleniumManager.java:144)
	... 35 more
Caused by: org.openqa.selenium.json.JsonException: Unable to determine type from: e. Last 1 characters read: e, next 128 characters to read: rror: unexpected argument &apos;--language-binding&apos; found

Usage: selenium-manager.exe &lt;--browser &lt;BROWSER&gt;|--driver &lt;DRIVER&gt;|--grid 
Build info: version: &apos;4.16.1&apos;, revision: &apos;9b4c83354e&apos;
System info: os.name: &apos;Windows 11&apos;, os.arch: &apos;amd64&apos;, os.version: &apos;10.0&apos;, java.version: &apos;21.0.2&apos;
Driver info: driver.version: FirefoxDriver
	at org.openqa.selenium.json.JsonInput.peek(JsonInput.java:166)
	at org.openqa.selenium.json.JsonTypeCoercer.lambda$buildCoercer$6(JsonTypeCoercer.java:167)
	at org.openqa.selenium.json.JsonTypeCoercer.coerce(JsonTypeCoercer.java:146)
	at org.openqa.selenium.json.Json.toType(Json.java:206)
	at org.openqa.selenium.json.Json.toType(Json.java:167)
	... 37 more
</pre></div></td>
<td>0</td>
<td>testautomation.tests.SubmitOrderTest@6356695f</td></tr>
<tr>
<td title='testautomation.tests.SubmitOrderTest.orderHistoryTest()'><b>orderHistoryTest</b><br>Test class: testautomation.tests.SubmitOrderTest</td>
<td><div><pre>java.lang.Throwable: Method SubmitOrderTest.orderHistoryTest(java.util.HashMap)[pri:0, instance:testautomation.tests.SubmitOrderTest@6356695f] depends on not successfully finished methods
	at java.base/java.util.ArrayList.forEach(ArrayList.java:1596)
	at java.base/java.util.concurrent.FutureTask.run(FutureTask.java:317)
	at java.base/java.util.concurrent.ThreadPoolExecutor.runWorker(ThreadPoolExecutor.java:1144)
	at java.base/java.util.concurrent.ThreadPoolExecutor$Worker.run(ThreadPoolExecutor.java:642)
	at java.base/java.lang.Thread.run(Thread.java:1583)
... Removed 9 stack frames</pre></div><a href='#' onClick='toggleBox("stack-trace1215834273", this, "Click to show all stack frames", "Click to hide stack frames")'>Click to show all stack frames</a>
<div class='stack-trace' id='stack-trace1215834273'><pre>java.lang.Throwable: Method SubmitOrderTest.orderHistoryTest(java.util.HashMap)[pri:0, instance:testautomation.tests.SubmitOrderTest@6356695f] depends on not successfully finished methods
	at org.testng.internal.TestInvoker.invokeTestMethods(TestInvoker.java:102)
	at org.testng.internal.TestMethodWorker.invokeTestMethods(TestMethodWorker.java:146)
	at org.testng.internal.TestMethodWorker.run(TestMethodWorker.java:128)
	at java.base/java.util.ArrayList.forEach(ArrayList.java:1596)
	at org.testng.TestRunner.privateRun(TestRunner.java:794)
	at org.testng.TestRunner.run(TestRunner.java:596)
	at org.testng.SuiteRunner.runTest(SuiteRunner.java:377)
	at org.testng.SuiteRunner.access$000(SuiteRunner.java:28)
	at org.testng.SuiteRunner$SuiteWorker.run(SuiteRunner.java:418)
	at org.testng.internal.thread.ThreadUtil.lambda$execute$0(ThreadUtil.java:64)
	at java.base/java.util.concurrent.FutureTask.run(FutureTask.java:317)
	at java.base/java.util.concurrent.ThreadPoolExecutor.runWorker(ThreadPoolExecutor.java:1144)
	at java.base/java.util.concurrent.ThreadPoolExecutor$Worker.run(ThreadPoolExecutor.java:642)
	at java.base/java.lang.Thread.run(Thread.java:1583)
</pre></div></td>
<td>0</td>
<td>testautomation.tests.SubmitOrderTest@6356695f</td></tr>
<tr>
<td title='testautomation.tests.SubmitOrderTest.submitOrder()'><b>submitOrder</b><br>Test class: testautomation.tests.SubmitOrderTest<br>Parameters: {password=Test1234, product=ADIDAS ORIGINAL, email=sgnsabir@gmail.com}</td>
<td><div><pre>org.openqa.selenium.remote.NoSuchDriverException: Unable to obtain: Capabilities {acceptInsecureCerts: true, browserName: firefox, moz:debuggerAddress: true, moz:firefoxOptions: {}}, error Command failed with code: 2, executed: [--browser, firefox, --language-binding, java, --output, json]
error: unexpected argument &apos;--language-binding&apos; found

Usage: selenium-manager.exe &lt;--browser &lt;BROWSER&gt;|--driver &lt;DRIVER&gt;|--grid [&lt;GRID_VERSION&gt;]|--driver-version &lt;DRIVER_VERSION&gt;|--browser-version &lt;BROWSER_VERSION&gt;|--browser-path &lt;BROWSER_PATH&gt;|--driver-mirror-url &lt;DRIVER_MIRROR_URL&gt;|--browser-mirror-url &lt;BROWSER_MIRROR_URL&gt;|--output &lt;OUTPUT&gt;|--os &lt;OS&gt;|--arch &lt;ARCH&gt;|--proxy &lt;PROXY&gt;|--timeout &lt;TIMEOUT&gt;|--ttl &lt;TTL&gt;|--cache-path &lt;CACHE_PATH&gt;|--clear-cache|--clear-metadata|--debug|--trace|--offline|--force-browser-download|--avoid-browser-download&gt;

For more information, try &apos;--help&apos;.

	at org.openqa.selenium.remote.service.DriverFinder.getPath(DriverFinder.java:48)
	at org.openqa.selenium.remote.service.DriverFinder.getPath(DriverFinder.java:33)
	at org.openqa.selenium.firefox.FirefoxDriver.generateExecutor(FirefoxDriver.java:141)
	at org.openqa.selenium.firefox.FirefoxDriver.&lt;init&gt;(FirefoxDriver.java:133)
	at org.openqa.selenium.firefox.FirefoxDriver.&lt;init&gt;(FirefoxDriver.java:128)
	at org.openqa.selenium.firefox.FirefoxDriver.&lt;init&gt;(FirefoxDriver.java:113)
	at org.openqa.selenium.firefox.FirefoxDriver.&lt;init&gt;(FirefoxDriver.java:103)
	at testautomation.TestComponents.BaseTest.initializeDriver(BaseTest.java:57)
	at testautomation.TestComponents.BaseTest.launchApplication(BaseTest.java:94)
	at java.base/java.util.ArrayList.forEach(ArrayList.java:1596)
	at java.base/java.util.concurrent.FutureTask.run(FutureTask.java:317)
	at java.base/java.util.concurrent.ThreadPoolExecutor.runWorker(ThreadPoolExecutor.java:1144)
	at java.base/java.util.concurrent.ThreadPoolExecutor$Worker.run(ThreadPoolExecutor.java:642)
	at java.base/java.lang.Thread.run(Thread.java:1583)
Caused by: org.openqa.selenium.WebDriverException: Command failed with code: 2, executed: [--browser, firefox, --language-binding, java, --output, json]
error: unexpected argument &apos;--language-binding&apos; found

Usage: selenium-manager.exe &lt;--browser &lt;BROWSER&gt;|--driver &lt;DRIVER&gt;|--grid [&lt;GRID_VERSION&gt;]|--driver-version &lt;DRIVER_VERSION&gt;|--browser-version &lt;BROWSER_VERSION&gt;|--browser-path &lt;BROWSER_PATH&gt;|--driver-mirror-url &lt;DRIVER_MIRROR_URL&gt;|--browser-mirror-url &lt;BROWSER_MIRROR_URL&gt;|--output &lt;OUTPUT&gt;|--os &lt;OS&gt;|--arch &lt;ARCH&gt;|--proxy &lt;PROXY&gt;|--timeout &lt;TIMEOUT&gt;|--ttl &lt;TTL&gt;|--cache-path &lt;CACHE_PATH&gt;|--clear-cache|--clear-metadata|--debug|--trace|--offline|--force-browser-download|--avoid-browser-download&gt;

For more information, try &apos;--help&apos;.

	at org.openqa.selenium.manager.SeleniumManager.runCommand(SeleniumManager.java:159)
	at org.openqa.selenium.manager.SeleniumManager.getDriverPath(SeleniumManager.java:303)
	at org.openqa.selenium.remote.service.DriverFinder.getPath(DriverFinder.java:45)
	... 33 more
Caused by: org.openqa.selenium.json.JsonException: Unable to parse: error: unexpected argument &apos;--language-binding&apos; found

Usage: selenium-manager.exe &lt;--browser &lt;BROWSER&gt;|--driver &lt;DRIVER&gt;|--grid [&lt;GRID_VERSION&gt;]|--driver-version &lt;DRIVER_VERSION&gt;|--browser-version &lt;BROWSER_VERSION&gt;|--browser-path &lt;BROWSER_PATH&gt;|--driver-mirror-url &lt;DRIVER_MIRROR_URL&gt;|--browser-mirror-url &lt;BROWSER_MIRROR_URL&gt;|--output &lt;OUTPUT&gt;|--os &lt;OS&gt;|--arch &lt;ARCH&gt;|--proxy &lt;PROXY&gt;|--timeout &lt;TIMEOUT&gt;|--ttl &lt;TTL&gt;|--cache-path &lt;CACHE_PATH&gt;|--clear-cache|--clear-metadata|--debug|--trace|--offline|--force-browser-download|--avoid-browser-download&gt;

For more information, try &apos;--help&apos;.

	at org.openqa.selenium.json.Json.toType(Json.java:169)
	at org.openqa.selenium.json.Json.toType(Json.java:152)
	at org.openqa.selenium.manager.SeleniumManager.runCommand(SeleniumManager.java:144)
	... 35 more
Caused by: org.openqa.selenium.json.JsonException: Unable to determine type from: e. Last 1 characters read: e, next 128 characters to read: rror: unexpected argument &apos;--language-binding&apos; found

Usage: selenium-manager.exe &lt;--browser &lt;BROWSER&gt;|--driver &lt;DRIVER&gt;|--grid 
Build info: version: &apos;4.16.1&apos;, revision: &apos;9b4c83354e&apos;
System info: os.name: &apos;Windows 11&apos;, os.arch: &apos;amd64&apos;, os.version: &apos;10.0&apos;, java.version: &apos;21.0.2&apos;
Driver info: driver.version: FirefoxDriver
	at org.openqa.selenium.json.JsonInput.peek(JsonInput.java:166)
	at org.openqa.selenium.json.JsonTypeCoercer.lambda$buildCoercer$6(JsonTypeCoercer.java:167)
	at org.openqa.selenium.json.JsonTypeCoercer.coerce(JsonTypeCoercer.java:146)
	at org.openqa.selenium.json.Json.toType(Json.java:206)
	at org.openqa.selenium.json.Json.toType(Json.java:167)
	... 37 more
... Removed 20 stack frames</pre></div><a href='#' onClick='toggleBox("stack-trace478214651", this, "Click to show all stack frames", "Click to hide stack frames")'>Click to show all stack frames</a>
<div class='stack-trace' id='stack-trace478214651'><pre>org.openqa.selenium.remote.NoSuchDriverException: Unable to obtain: Capabilities {acceptInsecureCerts: true, browserName: firefox, moz:debuggerAddress: true, moz:firefoxOptions: {}}, error Command failed with code: 2, executed: [--browser, firefox, --language-binding, java, --output, json]
error: unexpected argument &apos;--language-binding&apos; found

Usage: selenium-manager.exe &lt;--browser &lt;BROWSER&gt;|--driver &lt;DRIVER&gt;|--grid [&lt;GRID_VERSION&gt;]|--driver-version &lt;DRIVER_VERSION&gt;|--browser-version &lt;BROWSER_VERSION&gt;|--browser-path &lt;BROWSER_PATH&gt;|--driver-mirror-url &lt;DRIVER_MIRROR_URL&gt;|--browser-mirror-url &lt;BROWSER_MIRROR_URL&gt;|--output &lt;OUTPUT&gt;|--os &lt;OS&gt;|--arch &lt;ARCH&gt;|--proxy &lt;PROXY&gt;|--timeout &lt;TIMEOUT&gt;|--ttl &lt;TTL&gt;|--cache-path &lt;CACHE_PATH&gt;|--clear-cache|--clear-metadata|--debug|--trace|--offline|--force-browser-download|--avoid-browser-download&gt;

For more information, try &apos;--help&apos;.

	at org.openqa.selenium.remote.service.DriverFinder.getPath(DriverFinder.java:48)
	at org.openqa.selenium.remote.service.DriverFinder.getPath(DriverFinder.java:33)
	at org.openqa.selenium.firefox.FirefoxDriver.generateExecutor(FirefoxDriver.java:141)
	at org.openqa.selenium.firefox.FirefoxDriver.&lt;init&gt;(FirefoxDriver.java:133)
	at org.openqa.selenium.firefox.FirefoxDriver.&lt;init&gt;(FirefoxDriver.java:128)
	at org.openqa.selenium.firefox.FirefoxDriver.&lt;init&gt;(FirefoxDriver.java:113)
	at org.openqa.selenium.firefox.FirefoxDriver.&lt;init&gt;(FirefoxDriver.java:103)
	at testautomation.TestComponents.BaseTest.initializeDriver(BaseTest.java:57)
	at testautomation.TestComponents.BaseTest.launchApplication(BaseTest.java:94)
	at java.base/jdk.internal.reflect.DirectMethodHandleAccessor.invoke(DirectMethodHandleAccessor.java:103)
	at java.base/java.lang.reflect.Method.invoke(Method.java:580)
	at org.testng.internal.MethodInvocationHelper.invokeMethod(MethodInvocationHelper.java:133)
	at org.testng.internal.MethodInvocationHelper.invokeMethodConsideringTimeout(MethodInvocationHelper.java:62)
	at org.testng.internal.ConfigInvoker.invokeConfigurationMethod(ConfigInvoker.java:385)
	at org.testng.internal.ConfigInvoker.invokeConfigurations(ConfigInvoker.java:321)
	at org.testng.internal.TestInvoker.runConfigMethods(TestInvoker.java:700)
	at org.testng.internal.TestInvoker.invokeMethod(TestInvoker.java:527)
	at org.testng.internal.TestInvoker.invokeTestMethod(TestInvoker.java:173)
	at org.testng.internal.MethodRunner.runInSequence(MethodRunner.java:46)
	at org.testng.internal.TestInvoker$MethodInvocationAgent.invoke(TestInvoker.java:824)
	at org.testng.internal.TestInvoker.invokeTestMethods(TestInvoker.java:146)
	at org.testng.internal.TestMethodWorker.invokeTestMethods(TestMethodWorker.java:146)
	at org.testng.internal.TestMethodWorker.run(TestMethodWorker.java:128)
	at java.base/java.util.ArrayList.forEach(ArrayList.java:1596)
	at org.testng.TestRunner.privateRun(TestRunner.java:794)
	at org.testng.TestRunner.run(TestRunner.java:596)
	at org.testng.SuiteRunner.runTest(SuiteRunner.java:377)
	at org.testng.SuiteRunner.access$000(SuiteRunner.java:28)
	at org.testng.SuiteRunner$SuiteWorker.run(SuiteRunner.java:418)
	at org.testng.internal.thread.ThreadUtil.lambda$execute$0(ThreadUtil.java:64)
	at java.base/java.util.concurrent.FutureTask.run(FutureTask.java:317)
	at java.base/java.util.concurrent.ThreadPoolExecutor.runWorker(ThreadPoolExecutor.java:1144)
	at java.base/java.util.concurrent.ThreadPoolExecutor$Worker.run(ThreadPoolExecutor.java:642)
	at java.base/java.lang.Thread.run(Thread.java:1583)
Caused by: org.openqa.selenium.WebDriverException: Command failed with code: 2, executed: [--browser, firefox, --language-binding, java, --output, json]
error: unexpected argument &apos;--language-binding&apos; found

Usage: selenium-manager.exe &lt;--browser &lt;BROWSER&gt;|--driver &lt;DRIVER&gt;|--grid [&lt;GRID_VERSION&gt;]|--driver-version &lt;DRIVER_VERSION&gt;|--browser-version &lt;BROWSER_VERSION&gt;|--browser-path &lt;BROWSER_PATH&gt;|--driver-mirror-url &lt;DRIVER_MIRROR_URL&gt;|--browser-mirror-url &lt;BROWSER_MIRROR_URL&gt;|--output &lt;OUTPUT&gt;|--os &lt;OS&gt;|--arch &lt;ARCH&gt;|--proxy &lt;PROXY&gt;|--timeout &lt;TIMEOUT&gt;|--ttl &lt;TTL&gt;|--cache-path &lt;CACHE_PATH&gt;|--clear-cache|--clear-metadata|--debug|--trace|--offline|--force-browser-download|--avoid-browser-download&gt;

For more information, try &apos;--help&apos;.

	at org.openqa.selenium.manager.SeleniumManager.runCommand(SeleniumManager.java:159)
	at org.openqa.selenium.manager.SeleniumManager.getDriverPath(SeleniumManager.java:303)
	at org.openqa.selenium.remote.service.DriverFinder.getPath(DriverFinder.java:45)
	... 33 more
Caused by: org.openqa.selenium.json.JsonException: Unable to parse: error: unexpected argument &apos;--language-binding&apos; found

Usage: selenium-manager.exe &lt;--browser &lt;BROWSER&gt;|--driver &lt;DRIVER&gt;|--grid [&lt;GRID_VERSION&gt;]|--driver-version &lt;DRIVER_VERSION&gt;|--browser-version &lt;BROWSER_VERSION&gt;|--browser-path &lt;BROWSER_PATH&gt;|--driver-mirror-url &lt;DRIVER_MIRROR_URL&gt;|--browser-mirror-url &lt;BROWSER_MIRROR_URL&gt;|--output &lt;OUTPUT&gt;|--os &lt;OS&gt;|--arch &lt;ARCH&gt;|--proxy &lt;PROXY&gt;|--timeout &lt;TIMEOUT&gt;|--ttl &lt;TTL&gt;|--cache-path &lt;CACHE_PATH&gt;|--clear-cache|--clear-metadata|--debug|--trace|--offline|--force-browser-download|--avoid-browser-download&gt;

For more information, try &apos;--help&apos;.

	at org.openqa.selenium.json.Json.toType(Json.java:169)
	at org.openqa.selenium.json.Json.toType(Json.java:152)
	at org.openqa.selenium.manager.SeleniumManager.runCommand(SeleniumManager.java:144)
	... 35 more
Caused by: org.openqa.selenium.json.JsonException: Unable to determine type from: e. Last 1 characters read: e, next 128 characters to read: rror: unexpected argument &apos;--language-binding&apos; found

Usage: selenium-manager.exe &lt;--browser &lt;BROWSER&gt;|--driver &lt;DRIVER&gt;|--grid 
Build info: version: &apos;4.16.1&apos;, revision: &apos;9b4c83354e&apos;
System info: os.name: &apos;Windows 11&apos;, os.arch: &apos;amd64&apos;, os.version: &apos;10.0&apos;, java.version: &apos;21.0.2&apos;
Driver info: driver.version: FirefoxDriver
	at org.openqa.selenium.json.JsonInput.peek(JsonInput.java:166)
	at org.openqa.selenium.json.JsonTypeCoercer.lambda$buildCoercer$6(JsonTypeCoercer.java:167)
	at org.openqa.selenium.json.JsonTypeCoercer.coerce(JsonTypeCoercer.java:146)
	at org.openqa.selenium.json.Json.toType(Json.java:206)
	at org.openqa.selenium.json.Json.toType(Json.java:167)
	... 37 more
</pre></div></td>
<td>0</td>
<td>testautomation.tests.SubmitOrderTest@6356695f</td></tr>
</table><p>
</body>
</html>