<?xml version="1.0" encoding="UTF-8"?>
<!-- Generated by org.testng.reporters.JUnitXMLReporter -->
<testsuite ignored="0" hostname="DESKTOP-OU8PKGM" failures="0" tests="3" name="Submit Order Test" time="0.275" errors="0" timestamp="2024-05-12T23:58:28 CEST">
  <testcase classname="testautomation.TestComponents.BaseTest" name="@BeforeMethod launchApplication" time="0.083">
    <failure type="org.openqa.selenium.remote.NoSuchDriverException" message="Unable to obtain: Capabilities {acceptInsecureCerts: true, browserName: firefox, moz:debuggerAddress: true, moz:firefoxOptions: {}}, error Command failed with code: 2, executed: [--browser, firefox, --language-binding, java, --output, json]
error: unexpected argument &amp;apos;--language-binding&amp;apos; found

Usage: selenium-manager.exe &amp;lt;--browser &amp;lt;BROWSER&amp;gt;|--driver &amp;lt;DRIVER&amp;gt;|--grid [&amp;lt;GRID_VERSION&amp;gt;]|--driver-version &amp;lt;DRIVER_VERSION&amp;gt;|--browser-version &amp;lt;BROWSER_VERSION&amp;gt;|--browser-path &amp;lt;BROWSER_PATH&amp;gt;|--driver-mirror-url &amp;lt;DRIVER_MIRROR_URL&amp;gt;|--browser-mirror-url &amp;lt;BROWSER_MIRROR_URL&amp;gt;|--output &amp;lt;OUTPUT&amp;gt;|--os &amp;lt;OS&amp;gt;|--arch &amp;lt;ARCH&amp;gt;|--proxy &amp;lt;PROXY&amp;gt;|--timeout &amp;lt;TIMEOUT&amp;gt;|--ttl &amp;lt;TTL&amp;gt;|--cache-path &amp;lt;CACHE_PATH&amp;gt;|--clear-cache|--clear-metadata|--debug|--trace|--offline|--force-browser-download|--avoid-browser-download&amp;gt;

For more information, try &amp;apos;--help&amp;apos;.
">
      <![CDATA[org.openqa.selenium.remote.NoSuchDriverException: Unable to obtain: Capabilities {acceptInsecureCerts: true, browserName: firefox, moz:debuggerAddress: true, moz:firefoxOptions: {}}, error Command failed with code: 2, executed: [--browser, firefox, --language-binding, java, --output, json]
error: unexpected argument '--language-binding' found

Usage: selenium-manager.exe <--browser <BROWSER>|--driver <DRIVER>|--grid [<GRID_VERSION>]|--driver-version <DRIVER_VERSION>|--browser-version <BROWSER_VERSION>|--browser-path <BROWSER_PATH>|--driver-mirror-url <DRIVER_MIRROR_URL>|--browser-mirror-url <BROWSER_MIRROR_URL>|--output <OUTPUT>|--os <OS>|--arch <ARCH>|--proxy <PROXY>|--timeout <TIMEOUT>|--ttl <TTL>|--cache-path <CACHE_PATH>|--clear-cache|--clear-metadata|--debug|--trace|--offline|--force-browser-download|--avoid-browser-download>

For more information, try '--help'.

at org.openqa.selenium.remote.service.DriverFinder.getPath(DriverFinder.java:48)
at org.openqa.selenium.remote.service.DriverFinder.getPath(DriverFinder.java:33)
at org.openqa.selenium.firefox.FirefoxDriver.generateExecutor(FirefoxDriver.java:141)
at org.openqa.selenium.firefox.FirefoxDriver.<init>(FirefoxDriver.java:133)
at org.openqa.selenium.firefox.FirefoxDriver.<init>(FirefoxDriver.java:128)
at org.openqa.selenium.firefox.FirefoxDriver.<init>(FirefoxDriver.java:113)
at org.openqa.selenium.firefox.FirefoxDriver.<init>(FirefoxDriver.java:103)
at testautomation.TestComponents.BaseTest.initializeDriver(BaseTest.java:57)
at testautomation.TestComponents.BaseTest.launchApplication(BaseTest.java:94)
at java.base/java.util.ArrayList.forEach(ArrayList.java:1596)
at java.base/java.util.concurrent.FutureTask.run(FutureTask.java:317)
at java.base/java.util.concurrent.ThreadPoolExecutor.runWorker(ThreadPoolExecutor.java:1144)
at java.base/java.util.concurrent.ThreadPoolExecutor$Worker.run(ThreadPoolExecutor.java:642)
at java.base/java.lang.Thread.run(Thread.java:1583)
Caused by: org.openqa.selenium.WebDriverException: Command failed with code: 2, executed: [--browser, firefox, --language-binding, java, --output, json]
error: unexpected argument '--language-binding' found

Usage: selenium-manager.exe <--browser <BROWSER>|--driver <DRIVER>|--grid [<GRID_VERSION>]|--driver-version <DRIVER_VERSION>|--browser-version <BROWSER_VERSION>|--browser-path <BROWSER_PATH>|--driver-mirror-url <DRIVER_MIRROR_URL>|--browser-mirror-url <BROWSER_MIRROR_URL>|--output <OUTPUT>|--os <OS>|--arch <ARCH>|--proxy <PROXY>|--timeout <TIMEOUT>|--ttl <TTL>|--cache-path <CACHE_PATH>|--clear-cache|--clear-metadata|--debug|--trace|--offline|--force-browser-download|--avoid-browser-download>

For more information, try '--help'.

at org.openqa.selenium.manager.SeleniumManager.runCommand(SeleniumManager.java:159)
at org.openqa.selenium.manager.SeleniumManager.getDriverPath(SeleniumManager.java:303)
at org.openqa.selenium.remote.service.DriverFinder.getPath(DriverFinder.java:45)
... 33 more
Caused by: org.openqa.selenium.json.JsonException: Unable to parse: error: unexpected argument '--language-binding' found

Usage: selenium-manager.exe <--browser <BROWSER>|--driver <DRIVER>|--grid [<GRID_VERSION>]|--driver-version <DRIVER_VERSION>|--browser-version <BROWSER_VERSION>|--browser-path <BROWSER_PATH>|--driver-mirror-url <DRIVER_MIRROR_URL>|--browser-mirror-url <BROWSER_MIRROR_URL>|--output <OUTPUT>|--os <OS>|--arch <ARCH>|--proxy <PROXY>|--timeout <TIMEOUT>|--ttl <TTL>|--cache-path <CACHE_PATH>|--clear-cache|--clear-metadata|--debug|--trace|--offline|--force-browser-download|--avoid-browser-download>

For more information, try '--help'.

at org.openqa.selenium.json.Json.toType(Json.java:169)
at org.openqa.selenium.json.Json.toType(Json.java:152)
at org.openqa.selenium.manager.SeleniumManager.runCommand(SeleniumManager.java:144)
... 35 more
Caused by: org.openqa.selenium.json.JsonException: Unable to determine type from: e. Last 1 characters read: e, next 128 characters to read: rror: unexpected argument '--language-binding' found

Usage: selenium-manager.exe <--browser <BROWSER>|--driver <DRIVER>|--grid 
Build info: version: '4.16.1', revision: '9b4c83354e'
System info: os.name: 'Windows 11', os.arch: 'amd64', os.version: '10.0', java.version: '21.0.2'
Driver info: driver.version: FirefoxDriver
at org.openqa.selenium.json.JsonInput.peek(JsonInput.java:166)
at org.openqa.selenium.json.JsonTypeCoercer.lambda$buildCoercer$6(JsonTypeCoercer.java:167)
at org.openqa.selenium.json.JsonTypeCoercer.coerce(JsonTypeCoercer.java:146)
at org.openqa.selenium.json.Json.toType(Json.java:206)
at org.openqa.selenium.json.Json.toType(Json.java:167)
... 37 more
... Removed 20 stack frames]]>
    </failure>
  </testcase> <!-- @BeforeMethod launchApplication -->
  <testcase classname="testautomation.TestComponents.BaseTest" name="@AfterMethod tearDown" time="0.006">
    <failure type="java.lang.NullPointerException" message="Cannot invoke &amp;quot;org.openqa.selenium.WebDriver.close()&amp;quot; because &amp;quot;this.driver&amp;quot; is null">
      <![CDATA[java.lang.NullPointerException: Cannot invoke "org.openqa.selenium.WebDriver.close()" because "this.driver" is null
at testautomation.TestComponents.BaseTest.tearDown(BaseTest.java:102)
at java.base/java.util.ArrayList.forEach(ArrayList.java:1596)
at java.base/java.util.concurrent.FutureTask.run(FutureTask.java:317)
at java.base/java.util.concurrent.ThreadPoolExecutor.runWorker(ThreadPoolExecutor.java:1144)
at java.base/java.util.concurrent.ThreadPoolExecutor$Worker.run(ThreadPoolExecutor.java:642)
at java.base/java.lang.Thread.run(Thread.java:1583)
... Removed 21 stack frames]]>
    </failure>
  </testcase> <!-- @AfterMethod tearDown -->
  <testcase classname="testautomation.TestComponents.BaseTest" name="@BeforeMethod launchApplication" time="0.025">
    <failure type="org.openqa.selenium.remote.NoSuchDriverException" message="Unable to obtain: Capabilities {acceptInsecureCerts: true, browserName: firefox, moz:debuggerAddress: true, moz:firefoxOptions: {}}, error Command failed with code: 2, executed: [--browser, firefox, --language-binding, java, --output, json]
error: unexpected argument &amp;apos;--language-binding&amp;apos; found

Usage: selenium-manager.exe &amp;lt;--browser &amp;lt;BROWSER&amp;gt;|--driver &amp;lt;DRIVER&amp;gt;|--grid [&amp;lt;GRID_VERSION&amp;gt;]|--driver-version &amp;lt;DRIVER_VERSION&amp;gt;|--browser-version &amp;lt;BROWSER_VERSION&amp;gt;|--browser-path &amp;lt;BROWSER_PATH&amp;gt;|--driver-mirror-url &amp;lt;DRIVER_MIRROR_URL&amp;gt;|--browser-mirror-url &amp;lt;BROWSER_MIRROR_URL&amp;gt;|--output &amp;lt;OUTPUT&amp;gt;|--os &amp;lt;OS&amp;gt;|--arch &amp;lt;ARCH&amp;gt;|--proxy &amp;lt;PROXY&amp;gt;|--timeout &amp;lt;TIMEOUT&amp;gt;|--ttl &amp;lt;TTL&amp;gt;|--cache-path &amp;lt;CACHE_PATH&amp;gt;|--clear-cache|--clear-metadata|--debug|--trace|--offline|--force-browser-download|--avoid-browser-download&amp;gt;

For more information, try &amp;apos;--help&amp;apos;.
">
      <![CDATA[org.openqa.selenium.remote.NoSuchDriverException: Unable to obtain: Capabilities {acceptInsecureCerts: true, browserName: firefox, moz:debuggerAddress: true, moz:firefoxOptions: {}}, error Command failed with code: 2, executed: [--browser, firefox, --language-binding, java, --output, json]
error: unexpected argument '--language-binding' found

Usage: selenium-manager.exe <--browser <BROWSER>|--driver <DRIVER>|--grid [<GRID_VERSION>]|--driver-version <DRIVER_VERSION>|--browser-version <BROWSER_VERSION>|--browser-path <BROWSER_PATH>|--driver-mirror-url <DRIVER_MIRROR_URL>|--browser-mirror-url <BROWSER_MIRROR_URL>|--output <OUTPUT>|--os <OS>|--arch <ARCH>|--proxy <PROXY>|--timeout <TIMEOUT>|--ttl <TTL>|--cache-path <CACHE_PATH>|--clear-cache|--clear-metadata|--debug|--trace|--offline|--force-browser-download|--avoid-browser-download>

For more information, try '--help'.

at org.openqa.selenium.remote.service.DriverFinder.getPath(DriverFinder.java:48)
at org.openqa.selenium.remote.service.DriverFinder.getPath(DriverFinder.java:33)
at org.openqa.selenium.firefox.FirefoxDriver.generateExecutor(FirefoxDriver.java:141)
at org.openqa.selenium.firefox.FirefoxDriver.<init>(FirefoxDriver.java:133)
at org.openqa.selenium.firefox.FirefoxDriver.<init>(FirefoxDriver.java:128)
at org.openqa.selenium.firefox.FirefoxDriver.<init>(FirefoxDriver.java:113)
at org.openqa.selenium.firefox.FirefoxDriver.<init>(FirefoxDriver.java:103)
at testautomation.TestComponents.BaseTest.initializeDriver(BaseTest.java:57)
at testautomation.TestComponents.BaseTest.launchApplication(BaseTest.java:94)
at java.base/java.util.ArrayList.forEach(ArrayList.java:1596)
at java.base/java.util.concurrent.FutureTask.run(FutureTask.java:317)
at java.base/java.util.concurrent.ThreadPoolExecutor.runWorker(ThreadPoolExecutor.java:1144)
at java.base/java.util.concurrent.ThreadPoolExecutor$Worker.run(ThreadPoolExecutor.java:642)
at java.base/java.lang.Thread.run(Thread.java:1583)
Caused by: org.openqa.selenium.WebDriverException: Command failed with code: 2, executed: [--browser, firefox, --language-binding, java, --output, json]
error: unexpected argument '--language-binding' found

Usage: selenium-manager.exe <--browser <BROWSER>|--driver <DRIVER>|--grid [<GRID_VERSION>]|--driver-version <DRIVER_VERSION>|--browser-version <BROWSER_VERSION>|--browser-path <BROWSER_PATH>|--driver-mirror-url <DRIVER_MIRROR_URL>|--browser-mirror-url <BROWSER_MIRROR_URL>|--output <OUTPUT>|--os <OS>|--arch <ARCH>|--proxy <PROXY>|--timeout <TIMEOUT>|--ttl <TTL>|--cache-path <CACHE_PATH>|--clear-cache|--clear-metadata|--debug|--trace|--offline|--force-browser-download|--avoid-browser-download>

For more information, try '--help'.

at org.openqa.selenium.manager.SeleniumManager.runCommand(SeleniumManager.java:159)
at org.openqa.selenium.manager.SeleniumManager.getDriverPath(SeleniumManager.java:303)
at org.openqa.selenium.remote.service.DriverFinder.getPath(DriverFinder.java:45)
... 33 more
Caused by: org.openqa.selenium.json.JsonException: Unable to parse: error: unexpected argument '--language-binding' found

Usage: selenium-manager.exe <--browser <BROWSER>|--driver <DRIVER>|--grid [<GRID_VERSION>]|--driver-version <DRIVER_VERSION>|--browser-version <BROWSER_VERSION>|--browser-path <BROWSER_PATH>|--driver-mirror-url <DRIVER_MIRROR_URL>|--browser-mirror-url <BROWSER_MIRROR_URL>|--output <OUTPUT>|--os <OS>|--arch <ARCH>|--proxy <PROXY>|--timeout <TIMEOUT>|--ttl <TTL>|--cache-path <CACHE_PATH>|--clear-cache|--clear-metadata|--debug|--trace|--offline|--force-browser-download|--avoid-browser-download>

For more information, try '--help'.

at org.openqa.selenium.json.Json.toType(Json.java:169)
at org.openqa.selenium.json.Json.toType(Json.java:152)
at org.openqa.selenium.manager.SeleniumManager.runCommand(SeleniumManager.java:144)
... 35 more
Caused by: org.openqa.selenium.json.JsonException: Unable to determine type from: e. Last 1 characters read: e, next 128 characters to read: rror: unexpected argument '--language-binding' found

Usage: selenium-manager.exe <--browser <BROWSER>|--driver <DRIVER>|--grid 
Build info: version: '4.16.1', revision: '9b4c83354e'
System info: os.name: 'Windows 11', os.arch: 'amd64', os.version: '10.0', java.version: '21.0.2'
Driver info: driver.version: FirefoxDriver
at org.openqa.selenium.json.JsonInput.peek(JsonInput.java:166)
at org.openqa.selenium.json.JsonTypeCoercer.lambda$buildCoercer$6(JsonTypeCoercer.java:167)
at org.openqa.selenium.json.JsonTypeCoercer.coerce(JsonTypeCoercer.java:146)
at org.openqa.selenium.json.Json.toType(Json.java:206)
at org.openqa.selenium.json.Json.toType(Json.java:167)
... 37 more
... Removed 20 stack frames]]>
    </failure>
  </testcase> <!-- @BeforeMethod launchApplication -->
  <testcase classname="testautomation.TestComponents.BaseTest" name="@AfterMethod tearDown" time="0.0">
    <failure type="java.lang.NullPointerException" message="Cannot invoke &amp;quot;org.openqa.selenium.WebDriver.close()&amp;quot; because &amp;quot;this.driver&amp;quot; is null">
      <![CDATA[java.lang.NullPointerException: Cannot invoke "org.openqa.selenium.WebDriver.close()" because "this.driver" is null
at testautomation.TestComponents.BaseTest.tearDown(BaseTest.java:102)
at java.base/java.util.ArrayList.forEach(ArrayList.java:1596)
at java.base/java.util.concurrent.FutureTask.run(FutureTask.java:317)
at java.base/java.util.concurrent.ThreadPoolExecutor.runWorker(ThreadPoolExecutor.java:1144)
at java.base/java.util.concurrent.ThreadPoolExecutor$Worker.run(ThreadPoolExecutor.java:642)
at java.base/java.lang.Thread.run(Thread.java:1583)
... Removed 21 stack frames]]>
    </failure>
  </testcase> <!-- @AfterMethod tearDown -->
  <testcase classname="testautomation.tests.SubmitOrderTest" name="submitOrder" time="0.0">
    <skipped/>
  </testcase> <!-- submitOrder -->
  <testcase classname="testautomation.tests.SubmitOrderTest" name="submitOrder" time="0.0">
    <skipped/>
  </testcase> <!-- submitOrder -->
  <testcase classname="testautomation.tests.SubmitOrderTest" name="orderHistoryTest" time="0.0">
    <skipped/>
  </testcase> <!-- orderHistoryTest -->
</testsuite> <!-- Submit Order Test -->
