<?xml version="1.0" encoding="UTF-8"?>
<!-- Generated by org.testng.reporters.JUnitReportReporter -->
<testsuite hostname="DESKTOP-OU8PKGM" failures="0" tests="6" name="testautomation.tests.ErrorValidationsTest" time="0.098" errors="4" timestamp="2024-05-12T23:02:56 CEST" skipped="2">
  <testcase classname="testautomation.tests.ErrorValidationsTest" name="tearDown" time="0.001">
    <error message="Cannot invoke &quot;org.openqa.selenium.WebDriver.close()&quot; because &quot;this.driver&quot; is null" type="java.lang.NullPointerException">
      <![CDATA[java.lang.NullPointerException: Cannot invoke "org.openqa.selenium.WebDriver.close()" because "this.driver" is null
at testautomation.TestComponents.BaseTest.tearDown(BaseTest.java:98)
at java.base/jdk.internal.reflect.DirectMethodHandleAccessor.invoke(DirectMethodHandleAccessor.java:103)
at java.base/java.lang.reflect.Method.invoke(Method.java:580)
at org.testng.internal.MethodInvocationHelper.invokeMethod(MethodInvocationHelper.java:133)
at org.testng.internal.MethodInvocationHelper.invokeMethodConsideringTimeout(MethodInvocationHelper.java:62)
at org.testng.internal.ConfigInvoker.invokeConfigurationMethod(ConfigInvoker.java:385)
at org.testng.internal.ConfigInvoker.invokeConfigurations(ConfigInvoker.java:321)
at org.testng.internal.TestInvoker.runConfigMethods(TestInvoker.java:700)
at org.testng.internal.TestInvoker.runAfterGroupsConfigurations(TestInvoker.java:676)
at org.testng.internal.TestInvoker.invokeMethod(TestInvoker.java:546)
at org.testng.internal.TestInvoker.invokeTestMethod(TestInvoker.java:173)
at org.testng.internal.MethodRunner.runInSequence(MethodRunner.java:46)
at org.testng.internal.TestInvoker$MethodInvocationAgent.invoke(TestInvoker.java:824)
at org.testng.internal.TestInvoker.invokeTestMethods(TestInvoker.java:146)
at org.testng.internal.TestMethodWorker.invokeTestMethods(TestMethodWorker.java:146)
at org.testng.internal.TestMethodWorker.run(TestMethodWorker.java:128)
at java.base/java.util.ArrayList.forEach(ArrayList.java:1596)
at org.testng.TestRunner.privateRun(TestRunner.java:794)
at org.testng.TestRunner.run(TestRunner.java:596)
at org.testng.SuiteRunner.runTest(SuiteRunner.java:377)
at org.testng.SuiteRunner.access$000(SuiteRunner.java:28)
at org.testng.SuiteRunner$SuiteWorker.run(SuiteRunner.java:418)
at org.testng.internal.thread.ThreadUtil.lambda$execute$0(ThreadUtil.java:64)
at java.base/java.util.concurrent.FutureTask.run(FutureTask.java:317)
at java.base/java.util.concurrent.ThreadPoolExecutor.runWorker(ThreadPoolExecutor.java:1144)
at java.base/java.util.concurrent.ThreadPoolExecutor$Worker.run(ThreadPoolExecutor.java:642)
at java.base/java.lang.Thread.run(Thread.java:1583)
]]>
    </error>
  </testcase> <!-- tearDown -->
  <system-out/>
  <testcase classname="testautomation.tests.ErrorValidationsTest" name="loginErrorValidation" time="0.000">
    <skipped/>
  </testcase> <!-- loginErrorValidation -->
  <system-out/>
  <testcase classname="testautomation.tests.ErrorValidationsTest" name="ProductErrorValidation" time="0.000">
    <skipped/>
  </testcase> <!-- ProductErrorValidation -->
  <system-out/>
  <testcase classname="testautomation.tests.ErrorValidationsTest" name="tearDown" time="0.001">
    <error message="Cannot invoke &quot;org.openqa.selenium.WebDriver.close()&quot; because &quot;this.driver&quot; is null" type="java.lang.NullPointerException">
      <![CDATA[java.lang.NullPointerException: Cannot invoke "org.openqa.selenium.WebDriver.close()" because "this.driver" is null
at testautomation.TestComponents.BaseTest.tearDown(BaseTest.java:98)
at java.base/jdk.internal.reflect.DirectMethodHandleAccessor.invoke(DirectMethodHandleAccessor.java:103)
at java.base/java.lang.reflect.Method.invoke(Method.java:580)
at org.testng.internal.MethodInvocationHelper.invokeMethod(MethodInvocationHelper.java:133)
at org.testng.internal.MethodInvocationHelper.invokeMethodConsideringTimeout(MethodInvocationHelper.java:62)
at org.testng.internal.ConfigInvoker.invokeConfigurationMethod(ConfigInvoker.java:385)
at org.testng.internal.ConfigInvoker.invokeConfigurations(ConfigInvoker.java:321)
at org.testng.internal.TestInvoker.runConfigMethods(TestInvoker.java:700)
at org.testng.internal.TestInvoker.runAfterGroupsConfigurations(TestInvoker.java:676)
at org.testng.internal.TestInvoker.invokeMethod(TestInvoker.java:546)
at org.testng.internal.TestInvoker.invokeTestMethod(TestInvoker.java:173)
at org.testng.internal.MethodRunner.runInSequence(MethodRunner.java:46)
at org.testng.internal.TestInvoker$MethodInvocationAgent.invoke(TestInvoker.java:824)
at org.testng.internal.TestInvoker.invokeTestMethods(TestInvoker.java:146)
at org.testng.internal.TestMethodWorker.invokeTestMethods(TestMethodWorker.java:146)
at org.testng.internal.TestMethodWorker.run(TestMethodWorker.java:128)
at java.base/java.util.ArrayList.forEach(ArrayList.java:1596)
at org.testng.TestRunner.privateRun(TestRunner.java:794)
at org.testng.TestRunner.run(TestRunner.java:596)
at org.testng.SuiteRunner.runTest(SuiteRunner.java:377)
at org.testng.SuiteRunner.access$000(SuiteRunner.java:28)
at org.testng.SuiteRunner$SuiteWorker.run(SuiteRunner.java:418)
at org.testng.internal.thread.ThreadUtil.lambda$execute$0(ThreadUtil.java:64)
at java.base/java.util.concurrent.FutureTask.run(FutureTask.java:317)
at java.base/java.util.concurrent.ThreadPoolExecutor.runWorker(ThreadPoolExecutor.java:1144)
at java.base/java.util.concurrent.ThreadPoolExecutor$Worker.run(ThreadPoolExecutor.java:642)
at java.base/java.lang.Thread.run(Thread.java:1583)
]]>
    </error>
  </testcase> <!-- tearDown -->
  <system-out/>
  <testcase classname="testautomation.tests.ErrorValidationsTest" name="launchApplication" time="0.078">
    <error message="Unable to obtain: Capabilities {acceptInsecureCerts: true, browserName: firefox, moz:debuggerAddress: true, moz:firefoxOptions: {}}, error Command failed with code: 2, executed: [--browser, firefox, --language-binding, java, --output, json]
error: unexpected argument &#039;--language-binding&#039; found

Usage: selenium-manager.exe &lt;--browser &lt;BROWSER&gt;|--driver &lt;DRIVER&gt;|--grid [&lt;GRID_VERSION&gt;]|--driver-version &lt;DRIVER_VERSION&gt;|--browser-version &lt;BROWSER_VERSION&gt;|--browser-path &lt;BROWSER_PATH&gt;|--driver-mirror-url &lt;DRIVER_MIRROR_URL&gt;|--browser-mirror-url &lt;BROWSER_MIRROR_URL&gt;|--output &lt;OUTPUT&gt;|--os &lt;OS&gt;|--arch &lt;ARCH&gt;|--proxy &lt;PROXY&gt;|--timeout &lt;TIMEOUT&gt;|--ttl &lt;TTL&gt;|--cache-path &lt;CACHE_PATH&gt;|--clear-cache|--clear-metadata|--debug|--trace|--offline|--force-browser-download|--avoid-browser-download&gt;

For more information, try &#039;--help&#039;.
" type="org.openqa.selenium.remote.NoSuchDriverException">
      <![CDATA[org.openqa.selenium.remote.NoSuchDriverException: Unable to obtain: Capabilities {acceptInsecureCerts: true, browserName: firefox, moz:debuggerAddress: true, moz:firefoxOptions: {}}, error Command failed with code: 2, executed: [--browser, firefox, --language-binding, java, --output, json]
error: unexpected argument '--language-binding' found

Usage: selenium-manager.exe <--browser <BROWSER>|--driver <DRIVER>|--grid [<GRID_VERSION>]|--driver-version <DRIVER_VERSION>|--browser-version <BROWSER_VERSION>|--browser-path <BROWSER_PATH>|--driver-mirror-url <DRIVER_MIRROR_URL>|--browser-mirror-url <BROWSER_MIRROR_URL>|--output <OUTPUT>|--os <OS>|--arch <ARCH>|--proxy <PROXY>|--timeout <TIMEOUT>|--ttl <TTL>|--cache-path <CACHE_PATH>|--clear-cache|--clear-metadata|--debug|--trace|--offline|--force-browser-download|--avoid-browser-download>

For more information, try '--help'.

at org.openqa.selenium.remote.service.DriverFinder.getPath(DriverFinder.java:48)
at org.openqa.selenium.remote.service.DriverFinder.getPath(DriverFinder.java:33)
at org.openqa.selenium.firefox.FirefoxDriver.generateExecutor(FirefoxDriver.java:141)
at org.openqa.selenium.firefox.FirefoxDriver.<init>(FirefoxDriver.java:133)
at org.openqa.selenium.firefox.FirefoxDriver.<init>(FirefoxDriver.java:128)
at org.openqa.selenium.firefox.FirefoxDriver.<init>(FirefoxDriver.java:113)
at org.openqa.selenium.firefox.FirefoxDriver.<init>(FirefoxDriver.java:103)
at testautomation.TestComponents.BaseTest.initializeDriver(BaseTest.java:55)
at testautomation.TestComponents.BaseTest.launchApplication(BaseTest.java:90)
at java.base/jdk.internal.reflect.DirectMethodHandleAccessor.invoke(DirectMethodHandleAccessor.java:103)
at java.base/java.lang.reflect.Method.invoke(Method.java:580)
at org.testng.internal.MethodInvocationHelper.invokeMethod(MethodInvocationHelper.java:133)
at org.testng.internal.MethodInvocationHelper.invokeMethodConsideringTimeout(MethodInvocationHelper.java:62)
at org.testng.internal.ConfigInvoker.invokeConfigurationMethod(ConfigInvoker.java:385)
at org.testng.internal.ConfigInvoker.invokeConfigurations(ConfigInvoker.java:321)
at org.testng.internal.TestInvoker.runConfigMethods(TestInvoker.java:700)
at org.testng.internal.TestInvoker.invokeMethod(TestInvoker.java:527)
at org.testng.internal.TestInvoker.invokeTestMethod(TestInvoker.java:173)
at org.testng.internal.MethodRunner.runInSequence(MethodRunner.java:46)
at org.testng.internal.TestInvoker$MethodInvocationAgent.invoke(TestInvoker.java:824)
at org.testng.internal.TestInvoker.invokeTestMethods(TestInvoker.java:146)
at org.testng.internal.TestMethodWorker.invokeTestMethods(TestMethodWorker.java:146)
at org.testng.internal.TestMethodWorker.run(TestMethodWorker.java:128)
at java.base/java.util.ArrayList.forEach(ArrayList.java:1596)
at org.testng.TestRunner.privateRun(TestRunner.java:794)
at org.testng.TestRunner.run(TestRunner.java:596)
at org.testng.SuiteRunner.runTest(SuiteRunner.java:377)
at org.testng.SuiteRunner.access$000(SuiteRunner.java:28)
at org.testng.SuiteRunner$SuiteWorker.run(SuiteRunner.java:418)
at org.testng.internal.thread.ThreadUtil.lambda$execute$0(ThreadUtil.java:64)
at java.base/java.util.concurrent.FutureTask.run(FutureTask.java:317)
at java.base/java.util.concurrent.ThreadPoolExecutor.runWorker(ThreadPoolExecutor.java:1144)
at java.base/java.util.concurrent.ThreadPoolExecutor$Worker.run(ThreadPoolExecutor.java:642)
at java.base/java.lang.Thread.run(Thread.java:1583)
Caused by: org.openqa.selenium.WebDriverException: Command failed with code: 2, executed: [--browser, firefox, --language-binding, java, --output, json]
error: unexpected argument '--language-binding' found

Usage: selenium-manager.exe <--browser <BROWSER>|--driver <DRIVER>|--grid [<GRID_VERSION>]|--driver-version <DRIVER_VERSION>|--browser-version <BROWSER_VERSION>|--browser-path <BROWSER_PATH>|--driver-mirror-url <DRIVER_MIRROR_URL>|--browser-mirror-url <BROWSER_MIRROR_URL>|--output <OUTPUT>|--os <OS>|--arch <ARCH>|--proxy <PROXY>|--timeout <TIMEOUT>|--ttl <TTL>|--cache-path <CACHE_PATH>|--clear-cache|--clear-metadata|--debug|--trace|--offline|--force-browser-download|--avoid-browser-download>

For more information, try '--help'.

at org.openqa.selenium.manager.SeleniumManager.runCommand(SeleniumManager.java:159)
at org.openqa.selenium.manager.SeleniumManager.getDriverPath(SeleniumManager.java:303)
at org.openqa.selenium.remote.service.DriverFinder.getPath(DriverFinder.java:45)
... 33 more
Caused by: org.openqa.selenium.json.JsonException: Unable to parse: error: unexpected argument '--language-binding' found

Usage: selenium-manager.exe <--browser <BROWSER>|--driver <DRIVER>|--grid [<GRID_VERSION>]|--driver-version <DRIVER_VERSION>|--browser-version <BROWSER_VERSION>|--browser-path <BROWSER_PATH>|--driver-mirror-url <DRIVER_MIRROR_URL>|--browser-mirror-url <BROWSER_MIRROR_URL>|--output <OUTPUT>|--os <OS>|--arch <ARCH>|--proxy <PROXY>|--timeout <TIMEOUT>|--ttl <TTL>|--cache-path <CACHE_PATH>|--clear-cache|--clear-metadata|--debug|--trace|--offline|--force-browser-download|--avoid-browser-download>

For more information, try '--help'.

at org.openqa.selenium.json.Json.toType(Json.java:169)
at org.openqa.selenium.json.Json.toType(Json.java:152)
at org.openqa.selenium.manager.SeleniumManager.runCommand(SeleniumManager.java:144)
... 35 more
Caused by: org.openqa.selenium.json.JsonException: Unable to determine type from: e. Last 1 characters read: e, next 128 characters to read: rror: unexpected argument '--language-binding' found

Usage: selenium-manager.exe <--browser <BROWSER>|--driver <DRIVER>|--grid 
Build info: version: '4.16.1', revision: '9b4c83354e'
System info: os.name: 'Windows 11', os.arch: 'amd64', os.version: '10.0', java.version: '21.0.2'
Driver info: driver.version: FirefoxDriver
at org.openqa.selenium.json.JsonInput.peek(JsonInput.java:166)
at org.openqa.selenium.json.JsonTypeCoercer.lambda$buildCoercer$6(JsonTypeCoercer.java:167)
at org.openqa.selenium.json.JsonTypeCoercer.coerce(JsonTypeCoercer.java:146)
at org.openqa.selenium.json.Json.toType(Json.java:206)
at org.openqa.selenium.json.Json.toType(Json.java:167)
... 37 more
]]>
    </error>
  </testcase> <!-- launchApplication -->
  <system-out/>
  <testcase classname="testautomation.tests.ErrorValidationsTest" name="launchApplication" time="0.018">
    <error message="Unable to obtain: Capabilities {acceptInsecureCerts: true, browserName: firefox, moz:debuggerAddress: true, moz:firefoxOptions: {}}, error Command failed with code: 2, executed: [--browser, firefox, --language-binding, java, --output, json]
error: unexpected argument &#039;--language-binding&#039; found

Usage: selenium-manager.exe &lt;--browser &lt;BROWSER&gt;|--driver &lt;DRIVER&gt;|--grid [&lt;GRID_VERSION&gt;]|--driver-version &lt;DRIVER_VERSION&gt;|--browser-version &lt;BROWSER_VERSION&gt;|--browser-path &lt;BROWSER_PATH&gt;|--driver-mirror-url &lt;DRIVER_MIRROR_URL&gt;|--browser-mirror-url &lt;BROWSER_MIRROR_URL&gt;|--output &lt;OUTPUT&gt;|--os &lt;OS&gt;|--arch &lt;ARCH&gt;|--proxy &lt;PROXY&gt;|--timeout &lt;TIMEOUT&gt;|--ttl &lt;TTL&gt;|--cache-path &lt;CACHE_PATH&gt;|--clear-cache|--clear-metadata|--debug|--trace|--offline|--force-browser-download|--avoid-browser-download&gt;

For more information, try &#039;--help&#039;.
" type="org.openqa.selenium.remote.NoSuchDriverException">
      <![CDATA[org.openqa.selenium.remote.NoSuchDriverException: Unable to obtain: Capabilities {acceptInsecureCerts: true, browserName: firefox, moz:debuggerAddress: true, moz:firefoxOptions: {}}, error Command failed with code: 2, executed: [--browser, firefox, --language-binding, java, --output, json]
error: unexpected argument '--language-binding' found

Usage: selenium-manager.exe <--browser <BROWSER>|--driver <DRIVER>|--grid [<GRID_VERSION>]|--driver-version <DRIVER_VERSION>|--browser-version <BROWSER_VERSION>|--browser-path <BROWSER_PATH>|--driver-mirror-url <DRIVER_MIRROR_URL>|--browser-mirror-url <BROWSER_MIRROR_URL>|--output <OUTPUT>|--os <OS>|--arch <ARCH>|--proxy <PROXY>|--timeout <TIMEOUT>|--ttl <TTL>|--cache-path <CACHE_PATH>|--clear-cache|--clear-metadata|--debug|--trace|--offline|--force-browser-download|--avoid-browser-download>

For more information, try '--help'.

at org.openqa.selenium.remote.service.DriverFinder.getPath(DriverFinder.java:48)
at org.openqa.selenium.remote.service.DriverFinder.getPath(DriverFinder.java:33)
at org.openqa.selenium.firefox.FirefoxDriver.generateExecutor(FirefoxDriver.java:141)
at org.openqa.selenium.firefox.FirefoxDriver.<init>(FirefoxDriver.java:133)
at org.openqa.selenium.firefox.FirefoxDriver.<init>(FirefoxDriver.java:128)
at org.openqa.selenium.firefox.FirefoxDriver.<init>(FirefoxDriver.java:113)
at org.openqa.selenium.firefox.FirefoxDriver.<init>(FirefoxDriver.java:103)
at testautomation.TestComponents.BaseTest.initializeDriver(BaseTest.java:55)
at testautomation.TestComponents.BaseTest.launchApplication(BaseTest.java:90)
at java.base/jdk.internal.reflect.DirectMethodHandleAccessor.invoke(DirectMethodHandleAccessor.java:103)
at java.base/java.lang.reflect.Method.invoke(Method.java:580)
at org.testng.internal.MethodInvocationHelper.invokeMethod(MethodInvocationHelper.java:133)
at org.testng.internal.MethodInvocationHelper.invokeMethodConsideringTimeout(MethodInvocationHelper.java:62)
at org.testng.internal.ConfigInvoker.invokeConfigurationMethod(ConfigInvoker.java:385)
at org.testng.internal.ConfigInvoker.invokeConfigurations(ConfigInvoker.java:321)
at org.testng.internal.TestInvoker.runConfigMethods(TestInvoker.java:700)
at org.testng.internal.TestInvoker.invokeMethod(TestInvoker.java:527)
at org.testng.internal.TestInvoker.invokeTestMethod(TestInvoker.java:173)
at org.testng.internal.MethodRunner.runInSequence(MethodRunner.java:46)
at org.testng.internal.TestInvoker$MethodInvocationAgent.invoke(TestInvoker.java:824)
at org.testng.internal.TestInvoker.invokeTestMethods(TestInvoker.java:146)
at org.testng.internal.TestMethodWorker.invokeTestMethods(TestMethodWorker.java:146)
at org.testng.internal.TestMethodWorker.run(TestMethodWorker.java:128)
at java.base/java.util.ArrayList.forEach(ArrayList.java:1596)
at org.testng.TestRunner.privateRun(TestRunner.java:794)
at org.testng.TestRunner.run(TestRunner.java:596)
at org.testng.SuiteRunner.runTest(SuiteRunner.java:377)
at org.testng.SuiteRunner.access$000(SuiteRunner.java:28)
at org.testng.SuiteRunner$SuiteWorker.run(SuiteRunner.java:418)
at org.testng.internal.thread.ThreadUtil.lambda$execute$0(ThreadUtil.java:64)
at java.base/java.util.concurrent.FutureTask.run(FutureTask.java:317)
at java.base/java.util.concurrent.ThreadPoolExecutor.runWorker(ThreadPoolExecutor.java:1144)
at java.base/java.util.concurrent.ThreadPoolExecutor$Worker.run(ThreadPoolExecutor.java:642)
at java.base/java.lang.Thread.run(Thread.java:1583)
Caused by: org.openqa.selenium.WebDriverException: Command failed with code: 2, executed: [--browser, firefox, --language-binding, java, --output, json]
error: unexpected argument '--language-binding' found

Usage: selenium-manager.exe <--browser <BROWSER>|--driver <DRIVER>|--grid [<GRID_VERSION>]|--driver-version <DRIVER_VERSION>|--browser-version <BROWSER_VERSION>|--browser-path <BROWSER_PATH>|--driver-mirror-url <DRIVER_MIRROR_URL>|--browser-mirror-url <BROWSER_MIRROR_URL>|--output <OUTPUT>|--os <OS>|--arch <ARCH>|--proxy <PROXY>|--timeout <TIMEOUT>|--ttl <TTL>|--cache-path <CACHE_PATH>|--clear-cache|--clear-metadata|--debug|--trace|--offline|--force-browser-download|--avoid-browser-download>

For more information, try '--help'.

at org.openqa.selenium.manager.SeleniumManager.runCommand(SeleniumManager.java:159)
at org.openqa.selenium.manager.SeleniumManager.getDriverPath(SeleniumManager.java:303)
at org.openqa.selenium.remote.service.DriverFinder.getPath(DriverFinder.java:45)
... 33 more
Caused by: org.openqa.selenium.json.JsonException: Unable to parse: error: unexpected argument '--language-binding' found

Usage: selenium-manager.exe <--browser <BROWSER>|--driver <DRIVER>|--grid [<GRID_VERSION>]|--driver-version <DRIVER_VERSION>|--browser-version <BROWSER_VERSION>|--browser-path <BROWSER_PATH>|--driver-mirror-url <DRIVER_MIRROR_URL>|--browser-mirror-url <BROWSER_MIRROR_URL>|--output <OUTPUT>|--os <OS>|--arch <ARCH>|--proxy <PROXY>|--timeout <TIMEOUT>|--ttl <TTL>|--cache-path <CACHE_PATH>|--clear-cache|--clear-metadata|--debug|--trace|--offline|--force-browser-download|--avoid-browser-download>

For more information, try '--help'.

at org.openqa.selenium.json.Json.toType(Json.java:169)
at org.openqa.selenium.json.Json.toType(Json.java:152)
at org.openqa.selenium.manager.SeleniumManager.runCommand(SeleniumManager.java:144)
... 35 more
Caused by: org.openqa.selenium.json.JsonException: Unable to determine type from: e. Last 1 characters read: e, next 128 characters to read: rror: unexpected argument '--language-binding' found

Usage: selenium-manager.exe <--browser <BROWSER>|--driver <DRIVER>|--grid 
Build info: version: '4.16.1', revision: '9b4c83354e'
System info: os.name: 'Windows 11', os.arch: 'amd64', os.version: '10.0', java.version: '21.0.2'
Driver info: driver.version: FirefoxDriver
at org.openqa.selenium.json.JsonInput.peek(JsonInput.java:166)
at org.openqa.selenium.json.JsonTypeCoercer.lambda$buildCoercer$6(JsonTypeCoercer.java:167)
at org.openqa.selenium.json.JsonTypeCoercer.coerce(JsonTypeCoercer.java:146)
at org.openqa.selenium.json.Json.toType(Json.java:206)
at org.openqa.selenium.json.Json.toType(Json.java:167)
... 37 more
]]>
    </error>
  </testcase> <!-- launchApplication -->
  <system-out/>
</testsuite> <!-- testautomation.tests.ErrorValidationsTest -->
